#
# There is insufficient memory for the Java Runtime Environment to continue.
# Native memory allocation (malloc) failed to allocate 949136 bytes for Chunk::new
# Possible reasons:
#   The system is out of physical RAM or swap space
#   The process is running with CompressedOops enabled, and the Java Heap may be blocking the growth of the native heap
# Possible solutions:
#   Reduce memory load on the system
#   Increase physical memory or swap space
#   Check if swap backing store is full
#   Decrease Java heap size (-Xmx/-Xms)
#   Decrease number of Java threads
#   Decrease Java thread stack sizes (-Xss)
#   Set larger code cache with -XX:ReservedCodeCacheSize=
#   JVM is running with Unscaled Compressed Oops mode in which the Java heap is
#     placed in the first 4GB address space. The Java Heap base address is the
#     maximum limit for the native heap growth. Please use -XX:HeapBaseMinAddress
#     to set the Java Heap base and to place the Java Heap above 4GB virtual address.
# This output file may be truncated or incomplete.
#
#  Out of Memory Error (./src/hotspot/share/memory/arena.cpp:197), pid=7752, tid=6020
#
# JRE version: OpenJDK Runtime Environment (11.0.8+10) (build 11.0.8+10-b944.6842174)
# Java VM: OpenJDK 64-Bit Server VM (11.0.8+10-b944.6842174, mixed mode, tiered, compressed oops, g1 gc, windows-amd64)
# No core dump will be written. Minidumps are not enabled by default on client versions of Windows
#

---------------  S U M M A R Y ------------

Command Line: --add-opens=java.base/java.util=ALL-UNNAMED --add-opens=java.base/java.lang=ALL-UNNAMED --add-opens=java.base/java.lang.invoke=ALL-UNNAMED --add-opens=java.prefs/java.util.prefs=ALL-UNNAMED -Xmx2048m -Dfile.encoding=UTF-8 -Duser.country=RU -Duser.language=ru -Duser.variant org.gradle.launcher.daemon.bootstrap.GradleDaemon 6.5

Host: Intel(R) Core(TM) i5-7200U CPU @ 2.50GHz, 4 cores, 7G,  Windows 10 , 64 bit Build 18362 (10.0.18362.1350)
Time: Tue Jun  1 15:13:44 2021 RTZ 2 (ceia) elapsed time: 134 seconds (0d 0h 2m 14s)

---------------  T H R E A D  ---------------

Current thread (0x000002b7cf6a0800):  JavaThread "C2 CompilerThread0" daemon [_thread_in_native, id=6020, stack(0x000000f032900000,0x000000f032a00000)]


Current CompileTask:
C2: 134045 11390       4       com.android.builder.symbols.BytecodeRClassWriterKt::generateResourceTypeClass (595 bytes)

Stack: [0x000000f032900000,0x000000f032a00000]
Native frames: (J=compiled Java code, j=interpreted, Vv=VM code, C=native code)
V  [jvm.dll+0x5de50a]
V  [jvm.dll+0x7122f5]
V  [jvm.dll+0x71384d]
V  [jvm.dll+0x713f03]
V  [jvm.dll+0x23e728]
V  [jvm.dll+0xb899c]
V  [jvm.dll+0xb8e9c]
V  [jvm.dll+0x2b20e4]
V  [jvm.dll+0x502098]
V  [jvm.dll+0x1f8df6]
V  [jvm.dll+0x1f685f]
V  [jvm.dll+0x17f32c]
V  [jvm.dll+0x205047]
V  [jvm.dll+0x203891]
V  [jvm.dll+0x6dad3f]
V  [jvm.dll+0x6d3895]
V  [jvm.dll+0x5dd4a6]
C  [ucrtbase.dll+0x210b2]
C  [KERNEL32.DLL+0x17c24]
C  [ntdll.dll+0x6d721]


---------------  P R O C E S S  ---------------

Threads class SMR info:
_java_thread_list=0x000002b7d5fd5950, length=45, elements={
0x000002b7b5c1d000, 0x000002b7cf67f800, 0x000002b7cf683800, 0x000002b7cf69d000,
0x000002b7cf69e800, 0x000002b7cf6a0800, 0x000002b7cf6a5800, 0x000002b7cf6b6000,
0x000002b7d0148800, 0x000002b7d015b000, 0x000002b7d1404800, 0x000002b7d1fdd800,
0x000002b7d1638000, 0x000002b7d1ffd800, 0x000002b7d2211000, 0x000002b7d226b800,
0x000002b7d1736000, 0x000002b7d1737000, 0x000002b7d15d7800, 0x000002b7d15d8000,
0x000002b7d15d9000, 0x000002b7d15da000, 0x000002b7d625d800, 0x000002b7d625e800,
0x000002b7d625a800, 0x000002b7d625f000, 0x000002b7d6259800, 0x000002b7d6261000,
0x000002b7d6267800, 0x000002b7d6266800, 0x000002b7d6268000, 0x000002b7d6263800,
0x000002b7d4ce2000, 0x000002b7d4cd9000, 0x000002b7d4cda800, 0x000002b7d4cde800,
0x000002b7d4ce0000, 0x000002b7d4ce1000, 0x000002b7d4cdb800, 0x000002b7d4cdd000,
0x000002b7d4ce2800, 0x000002b7d4cdf800, 0x000002b7d4cdd800, 0x000002b7d4ce3800,
0x000002b7d4ce4800
}

Java Threads: ( => current thread )
  0x000002b7b5c1d000 JavaThread "main" [_thread_blocked, id=9796, stack(0x000000f031e00000,0x000000f031f00000)]
  0x000002b7cf67f800 JavaThread "Reference Handler" daemon [_thread_blocked, id=3436, stack(0x000000f032500000,0x000000f032600000)]
  0x000002b7cf683800 JavaThread "Finalizer" daemon [_thread_blocked, id=9804, stack(0x000000f032600000,0x000000f032700000)]
  0x000002b7cf69d000 JavaThread "Signal Dispatcher" daemon [_thread_blocked, id=9432, stack(0x000000f032700000,0x000000f032800000)]
  0x000002b7cf69e800 JavaThread "Attach Listener" daemon [_thread_blocked, id=7144, stack(0x000000f032800000,0x000000f032900000)]
=>0x000002b7cf6a0800 JavaThread "C2 CompilerThread0" daemon [_thread_in_native, id=6020, stack(0x000000f032900000,0x000000f032a00000)]
  0x000002b7cf6a5800 JavaThread "C1 CompilerThread0" daemon [_thread_blocked, id=8104, stack(0x000000f032a00000,0x000000f032b00000)]
  0x000002b7cf6b6000 JavaThread "Sweeper thread" daemon [_thread_blocked, id=3216, stack(0x000000f032b00000,0x000000f032c00000)]
  0x000002b7d0148800 JavaThread "Common-Cleaner" daemon [_thread_blocked, id=8520, stack(0x000000f032c00000,0x000000f032d00000)]
  0x000002b7d015b000 JavaThread "Service Thread" daemon [_thread_blocked, id=3528, stack(0x000000f032d00000,0x000000f032e00000)]
  0x000002b7d1404800 JavaThread "Daemon health stats" [_thread_blocked, id=7612, stack(0x000000f033200000,0x000000f033300000)]
  0x000002b7d1fdd800 JavaThread "Incoming local TCP Connector on port 55221" [_thread_in_native, id=3364, stack(0x000000f033400000,0x000000f033500000)]
  0x000002b7d1638000 JavaThread "Daemon periodic checks" [_thread_blocked, id=2404, stack(0x000000f033500000,0x000000f033600000)]
  0x000002b7d1ffd800 JavaThread "Daemon" [_thread_blocked, id=1900, stack(0x000000f033600000,0x000000f033700000)]
  0x000002b7d2211000 JavaThread "Handler for socket connection from /127.0.0.1:55221 to /127.0.0.1:55222" [_thread_in_native, id=4088, stack(0x000000f033700000,0x000000f033800000)]
  0x000002b7d226b800 JavaThread "Cancel handler" [_thread_blocked, id=6864, stack(0x000000f033800000,0x000000f033900000)]
  0x000002b7d1736000 JavaThread "Daemon worker" [_thread_blocked, id=7284, stack(0x000000f033900000,0x000000f033a00000)]
  0x000002b7d1737000 JavaThread "Asynchronous log dispatcher for DefaultDaemonConnection: socket connection from /127.0.0.1:55221 to /127.0.0.1:55222" [_thread_blocked, id=6760, stack(0x000000f033a00000,0x000000f033b00000)]
  0x000002b7d15d7800 JavaThread "Thread-8" [_thread_blocked, id=7080, stack(0x000000f033c00000,0x000000f033d00000)]
  0x000002b7d15d8000 JavaThread "Cache worker for journal cache (C:\Users\Omaz\.gradle\caches\journal-1)" [_thread_blocked, id=1352, stack(0x000000f033e00000,0x000000f033f00000)]
  0x000002b7d15d9000 JavaThread "File lock request listener" [_thread_in_native, id=5864, stack(0x000000f033f00000,0x000000f034000000)]
  0x000002b7d15da000 JavaThread "Cache worker for file hash cache (C:\Users\Omaz\.gradle\caches\6.5\fileHashes)" [_thread_blocked, id=3268, stack(0x000000f034000000,0x000000f034100000)]
  0x000002b7d625d800 JavaThread "Cache worker for file hash cache (C:\Users\Omaz\AndroidStudioProjects\Test_Diplom\OmazApp\.gradle\6.5\fileHashes)" [_thread_blocked, id=1236, stack(0x000000f034200000,0x000000f034300000)]
  0x000002b7d625e800 JavaThread "Cache worker for checksums cache (C:\Users\Omaz\AndroidStudioProjects\Test_Diplom\OmazApp\.gradle\checksums)" [_thread_blocked, id=3900, stack(0x000000f034300000,0x000000f034400000)]
  0x000002b7d625a800 JavaThread "Cache worker for cache directory md-supplier (C:\Users\Omaz\.gradle\caches\6.5\md-supplier)" [_thread_blocked, id=9420, stack(0x000000f034400000,0x000000f034500000)]
  0x000002b7d625f000 JavaThread "Cache worker for cache directory md-rule (C:\Users\Omaz\.gradle\caches\6.5\md-rule)" [_thread_blocked, id=1332, stack(0x000000f034500000,0x000000f034600000)]
  0x000002b7d6259800 JavaThread "Cache worker for execution history cache (C:\Users\Omaz\.gradle\caches\6.5\executionHistory)" [_thread_blocked, id=4708, stack(0x000000f034600000,0x000000f034700000)]
  0x000002b7d6261000 JavaThread "Cache worker for file content cache (C:\Users\Omaz\.gradle\caches\6.5\fileContent)" [_thread_blocked, id=7916, stack(0x000000f034800000,0x000000f034900000)]
  0x000002b7d6267800 JavaThread "Build operations" [_thread_blocked, id=6664, stack(0x000000f034900000,0x000000f034a00000)]
  0x000002b7d6266800 JavaThread "Build operations Thread 2" [_thread_blocked, id=8612, stack(0x000000f034a00000,0x000000f034b00000)]
  0x000002b7d6268000 JavaThread "Build operations Thread 3" [_thread_blocked, id=5220, stack(0x000000f034b00000,0x000000f034c00000)]
  0x000002b7d6263800 JavaThread "Build operations Thread 4" [_thread_blocked, id=5776, stack(0x000000f034c00000,0x000000f034d00000)]
  0x000002b7d4ce2000 JavaThread "Cache worker for Build Output Cleanup Cache (C:\Users\Omaz\AndroidStudioProjects\Test_Diplom\OmazApp\.gradle\buildOutputCleanup)" [_thread_blocked, id=6412, stack(0x000000f034100000,0x000000f034200000)]
  0x000002b7d4cd9000 JavaThread "Memory manager" [_thread_blocked, id=7176, stack(0x000000f031c00000,0x000000f031d00000)]
  0x000002b7d4cda800 JavaThread "Cache worker for file content cache (C:\Users\Omaz\AndroidStudioProjects\Test_Diplom\OmazApp\.gradle\6.5\fileContent)" [_thread_blocked, id=5732, stack(0x000000f031d00000,0x000000f031e00000)]
  0x000002b7d4cde800 JavaThread "Execution worker for ':'" [_thread_blocked, id=2928, stack(0x000000f034700000,0x000000f034800000)]
  0x000002b7d4ce0000 JavaThread "Execution worker for ':' Thread 2" [_thread_blocked, id=9044, stack(0x000000f034d00000,0x000000f034e00000)]
  0x000002b7d4ce1000 JavaThread "Execution worker for ':' Thread 3" [_thread_blocked, id=8972, stack(0x000000f034e00000,0x000000f034f00000)]
  0x000002b7d4cdb800 JavaThread "Cache worker for execution history cache (C:\Users\Omaz\AndroidStudioProjects\Test_Diplom\OmazApp\.gradle\6.5\executionHistory)" [_thread_blocked, id=9016, stack(0x000000f034f00000,0x000000f035000000)]
  0x000002b7d4cdd000 JavaThread "WorkerExecutor Queue" [_thread_blocked, id=5364, stack(0x000000f035000000,0x000000f035100000)]
  0x000002b7d4ce2800 JavaThread "pool-2-thread-1" [_thread_blocked, id=4468, stack(0x000000f035100000,0x000000f035200000)]
  0x000002b7d4cdf800 JavaThread "stderr" [_thread_in_native, id=7968, stack(0x000000f033b00000,0x000000f033c00000)]
  0x000002b7d4cdd800 JavaThread "stdout" [_thread_in_native, id=6768, stack(0x000000f035200000,0x000000f035300000)]
  0x000002b7d4ce3800 JavaThread "WorkerExecutor Queue Thread 2" [_thread_blocked, id=4128, stack(0x000000f035400000,0x000000f035500000)]
  0x000002b7d4ce4800 JavaThread "WorkerExecutor Queue Thread 3" [_thread_blocked, id=8828, stack(0x000000f035500000,0x000000f035600000)]

Other Threads:
  0x000002b7cf67b000 VMThread "VM Thread" [stack: 0x000000f032400000,0x000000f032500000] [id=9084]
  0x000002b7d015c800 WatcherThread [stack: 0x000000f032e00000,0x000000f032f00000] [id=6876]
  0x000002b7b5c36800 GCTaskThread "GC Thread#0" [stack: 0x000000f031f00000,0x000000f032000000] [id=10032]
  0x000002b7d02d4800 GCTaskThread "GC Thread#1" [stack: 0x000000f033000000,0x000000f033100000] [id=2660]
  0x000002b7d09d3000 GCTaskThread "GC Thread#2" [stack: 0x000000f033100000,0x000000f033200000] [id=3160]
  0x000002b7d2268000 GCTaskThread "GC Thread#3" [stack: 0x000000f033d00000,0x000000f033e00000] [id=8240]
  0x000002b7b5c66000 ConcurrentGCThread "G1 Main Marker" [stack: 0x000000f032000000,0x000000f032100000] [id=6488]
  0x000002b7b5c68800 ConcurrentGCThread "G1 Conc#0" [stack: 0x000000f032100000,0x000000f032200000] [id=7236]
  0x000002b7cf4d0800 ConcurrentGCThread "G1 Refine#0" [stack: 0x000000f032200000,0x000000f032300000] [id=6504]
  0x000002b7d45fe000 ConcurrentGCThread "G1 Refine#1" [stack: 0x000000f031b00000,0x000000f031c00000] [id=4532]
  0x000002b7cf4d1800 ConcurrentGCThread "G1 Young RemSet Sampling" [stack: 0x000000f032300000,0x000000f032400000] [id=10024]

Threads with active compile tasks:
C2 CompilerThread0 135687 11390       4       com.android.builder.symbols.BytecodeRClassWriterKt::generateResourceTypeClass (595 bytes)

VM state:at safepoint (normal execution)

VM Mutex/Monitor currently owned by a thread:  ([mutex/lock_event])
[0x000002b7b5c19aa0] Threads_lock - owner thread: 0x000002b7cf67b000
[0x000002b7b5c18b70] Heap_lock - owner thread: 0x000002b7d4ce0000

Heap address: 0x0000000080000000, size: 2048 MB, Compressed Oops mode: 32-bit
Narrow klass base: 0x0000000000000000, Narrow klass shift: 3
Compressed class space size: 1073741824 Address: 0x0000000100000000

Heap:
 garbage-first heap   total 157696K, used 85878K [0x0000000080000000, 0x0000000100000000)
  region size 1024K, 1 young (1024K), 1 survivors (1024K)
 Metaspace       used 87506K, capacity 89502K, committed 89552K, reserved 1134592K
  class space    used 11171K, capacity 11890K, committed 11904K, reserved 1048576K
Heap Regions: E=young(eden), S=young(survivor), O=old, HS=humongous(starts), HC=humongous(continues), CS=collection set, F=free, A=archive, TAMS=top-at-mark-start (previous, next)
|   0|0x0000000080000000, 0x0000000080100000, 0x0000000080100000|100%| O|  |TAMS 0x0000000080100000, 0x0000000080100000| Untracked 
|   1|0x0000000080100000, 0x0000000080200000, 0x0000000080200000|100%| O|  |TAMS 0x0000000080200000, 0x0000000080200000| Untracked 
|   2|0x0000000080200000, 0x0000000080300000, 0x0000000080300000|100%| O|  |TAMS 0x0000000080300000, 0x0000000080300000| Untracked 
|   3|0x0000000080300000, 0x0000000080400000, 0x0000000080400000|100%|HS|  |TAMS 0x0000000080400000, 0x0000000080400000| Complete 
|   4|0x0000000080400000, 0x0000000080500000, 0x0000000080500000|100%|HC|  |TAMS 0x0000000080500000, 0x0000000080500000| Complete 
|   5|0x0000000080500000, 0x0000000080600000, 0x0000000080600000|100%|HC|  |TAMS 0x0000000080600000, 0x0000000080600000| Complete 
|   6|0x0000000080600000, 0x0000000080700000, 0x0000000080700000|100%| O|  |TAMS 0x0000000080700000, 0x0000000080700000| Untracked 
|   7|0x0000000080700000, 0x0000000080800000, 0x0000000080800000|100%| O|  |TAMS 0x0000000080800000, 0x0000000080800000| Untracked 
|   8|0x0000000080800000, 0x0000000080900000, 0x0000000080900000|100%| O|  |TAMS 0x0000000080900000, 0x0000000080900000| Untracked 
|   9|0x0000000080900000, 0x0000000080a00000, 0x0000000080a00000|100%| O|  |TAMS 0x0000000080a00000, 0x0000000080a00000| Untracked 
|  10|0x0000000080a00000, 0x0000000080b00000, 0x0000000080b00000|100%| O|  |TAMS 0x0000000080b00000, 0x0000000080b00000| Untracked 
|  11|0x0000000080b00000, 0x0000000080c00000, 0x0000000080c00000|100%| O|  |TAMS 0x0000000080c00000, 0x0000000080c00000| Untracked 
|  12|0x0000000080c00000, 0x0000000080d00000, 0x0000000080d00000|100%| O|  |TAMS 0x0000000080d00000, 0x0000000080d00000| Untracked 
|  13|0x0000000080d00000, 0x0000000080e00000, 0x0000000080e00000|100%|HS|  |TAMS 0x0000000080e00000, 0x0000000080e00000| Complete 
|  14|0x0000000080e00000, 0x0000000080f00000, 0x0000000080f00000|100%|HS|  |TAMS 0x0000000080f00000, 0x0000000080f00000| Complete 
|  15|0x0000000080f00000, 0x0000000081000000, 0x0000000081000000|100%|HC|  |TAMS 0x0000000081000000, 0x0000000081000000| Complete 
|  16|0x0000000081000000, 0x0000000081100000, 0x0000000081100000|100%| O|  |TAMS 0x0000000081100000, 0x0000000081100000| Untracked 
|  17|0x0000000081100000, 0x0000000081200000, 0x0000000081200000|100%| O|  |TAMS 0x0000000081200000, 0x0000000081200000| Untracked 
|  18|0x0000000081200000, 0x0000000081300000, 0x0000000081300000|100%| O|  |TAMS 0x0000000081300000, 0x0000000081300000| Untracked 
|  19|0x0000000081300000, 0x0000000081400000, 0x0000000081400000|100%|HS|  |TAMS 0x0000000081400000, 0x0000000081400000| Complete 
|  20|0x0000000081400000, 0x0000000081500000, 0x0000000081500000|100%|HC|  |TAMS 0x0000000081500000, 0x0000000081500000| Complete 
|  21|0x0000000081500000, 0x0000000081600000, 0x0000000081600000|100%|HC|  |TAMS 0x0000000081600000, 0x0000000081600000| Complete 
|  22|0x0000000081600000, 0x0000000081700000, 0x0000000081700000|100%| O|  |TAMS 0x0000000081700000, 0x0000000081700000| Untracked 
|  23|0x0000000081700000, 0x0000000081800000, 0x0000000081800000|100%| O|  |TAMS 0x0000000081800000, 0x0000000081800000| Untracked 
|  24|0x0000000081800000, 0x0000000081900000, 0x0000000081900000|100%| O|  |TAMS 0x0000000081900000, 0x0000000081900000| Untracked 
|  25|0x0000000081900000, 0x0000000081a00000, 0x0000000081a00000|100%| O|  |TAMS 0x0000000081a00000, 0x0000000081a00000| Untracked 
|  26|0x0000000081a00000, 0x0000000081b00000, 0x0000000081b00000|100%| O|  |TAMS 0x0000000081b00000, 0x0000000081b00000| Untracked 
|  27|0x0000000081b00000, 0x0000000081c00000, 0x0000000081c00000|100%| O|  |TAMS 0x0000000081c00000, 0x0000000081c00000| Untracked 
|  28|0x0000000081c00000, 0x0000000081d00000, 0x0000000081d00000|100%| O|  |TAMS 0x0000000081d00000, 0x0000000081d00000| Untracked 
|  29|0x0000000081d00000, 0x0000000081e00000, 0x0000000081e00000|100%| O|  |TAMS 0x0000000081e00000, 0x0000000081e00000| Untracked 
|  30|0x0000000081e00000, 0x0000000081f00000, 0x0000000081f00000|100%| O|  |TAMS 0x0000000081f00000, 0x0000000081f00000| Untracked 
|  31|0x0000000081f00000, 0x0000000082000000, 0x0000000082000000|100%| O|  |TAMS 0x0000000082000000, 0x0000000082000000| Untracked 
|  32|0x0000000082000000, 0x0000000082100000, 0x0000000082100000|100%| O|  |TAMS 0x0000000082100000, 0x0000000082100000| Untracked 
|  33|0x0000000082100000, 0x0000000082200000, 0x0000000082200000|100%| O|  |TAMS 0x0000000082200000, 0x0000000082200000| Untracked 
|  34|0x0000000082200000, 0x0000000082300000, 0x0000000082300000|100%| O|  |TAMS 0x0000000082300000, 0x0000000082300000| Untracked 
|  35|0x0000000082300000, 0x0000000082400000, 0x0000000082400000|100%| O|  |TAMS 0x0000000082400000, 0x0000000082400000| Untracked 
|  36|0x0000000082400000, 0x0000000082500000, 0x0000000082500000|100%| O|  |TAMS 0x0000000082500000, 0x0000000082500000| Untracked 
|  37|0x0000000082500000, 0x0000000082600000, 0x0000000082600000|100%| O|  |TAMS 0x0000000082600000, 0x0000000082600000| Untracked 
|  38|0x0000000082600000, 0x0000000082700000, 0x0000000082700000|100%| O|  |TAMS 0x0000000082700000, 0x0000000082700000| Untracked 
|  39|0x0000000082700000, 0x0000000082800000, 0x0000000082800000|100%| O|  |TAMS 0x0000000082800000, 0x0000000082800000| Untracked 
|  40|0x0000000082800000, 0x0000000082900000, 0x0000000082900000|100%| O|  |TAMS 0x0000000082900000, 0x0000000082900000| Untracked 
|  41|0x0000000082900000, 0x0000000082a00000, 0x0000000082a00000|100%| O|  |TAMS 0x0000000082a00000, 0x0000000082a00000| Untracked 
|  42|0x0000000082a00000, 0x0000000082b00000, 0x0000000082b00000|100%| O|  |TAMS 0x0000000082b00000, 0x0000000082b00000| Untracked 
|  43|0x0000000082b00000, 0x0000000082c00000, 0x0000000082c00000|100%| O|  |TAMS 0x0000000082c00000, 0x0000000082c00000| Untracked 
|  44|0x0000000082c00000, 0x0000000082d00000, 0x0000000082d00000|100%| O|  |TAMS 0x0000000082d00000, 0x0000000082d00000| Untracked 
|  45|0x0000000082d00000, 0x0000000082e00000, 0x0000000082e00000|100%| O|  |TAMS 0x0000000082e00000, 0x0000000082e00000| Untracked 
|  46|0x0000000082e00000, 0x0000000082f00000, 0x0000000082f00000|100%| O|  |TAMS 0x0000000082f00000, 0x0000000082f00000| Untracked 
|  47|0x0000000082f00000, 0x0000000083000000, 0x0000000083000000|100%| O|  |TAMS 0x0000000083000000, 0x0000000083000000| Untracked 
|  48|0x0000000083000000, 0x0000000083100000, 0x0000000083100000|100%| O|  |TAMS 0x0000000083100000, 0x0000000083100000| Untracked 
|  49|0x0000000083100000, 0x0000000083200000, 0x0000000083200000|100%| O|  |TAMS 0x0000000083200000, 0x0000000083200000| Untracked 
|  50|0x0000000083200000, 0x0000000083300000, 0x0000000083300000|100%| O|  |TAMS 0x0000000083300000, 0x0000000083300000| Untracked 
|  51|0x0000000083300000, 0x0000000083400000, 0x0000000083400000|100%| O|  |TAMS 0x0000000083400000, 0x0000000083400000| Untracked 
|  52|0x0000000083400000, 0x0000000083500000, 0x0000000083500000|100%| O|  |TAMS 0x0000000083500000, 0x0000000083500000| Untracked 
|  53|0x0000000083500000, 0x0000000083600000, 0x0000000083600000|100%| O|  |TAMS 0x0000000083600000, 0x0000000083600000| Untracked 
|  54|0x0000000083600000, 0x0000000083700000, 0x0000000083700000|100%| O|  |TAMS 0x0000000083700000, 0x0000000083700000| Untracked 
|  55|0x0000000083700000, 0x0000000083800000, 0x0000000083800000|100%| O|  |TAMS 0x0000000083800000, 0x0000000083800000| Untracked 
|  56|0x0000000083800000, 0x0000000083900000, 0x0000000083900000|100%| O|  |TAMS 0x0000000083900000, 0x0000000083900000| Untracked 
|  57|0x0000000083900000, 0x0000000083a00000, 0x0000000083a00000|100%| O|  |TAMS 0x0000000083a00000, 0x0000000083a00000| Untracked 
|  58|0x0000000083a00000, 0x0000000083b00000, 0x0000000083b00000|100%| O|  |TAMS 0x0000000083b00000, 0x0000000083b00000| Untracked 
|  59|0x0000000083b00000, 0x0000000083c00000, 0x0000000083c00000|100%| O|  |TAMS 0x0000000083c00000, 0x0000000083c00000| Untracked 
|  60|0x0000000083c00000, 0x0000000083d00000, 0x0000000083d00000|100%| O|  |TAMS 0x0000000083d00000, 0x0000000083d00000| Untracked 
|  61|0x0000000083d00000, 0x0000000083e00000, 0x0000000083e00000|100%| O|  |TAMS 0x0000000083e00000, 0x0000000083e00000| Untracked 
|  62|0x0000000083e00000, 0x0000000083f00000, 0x0000000083f00000|100%| O|  |TAMS 0x0000000083f00000, 0x0000000083f00000| Untracked 
|  63|0x0000000083f00000, 0x0000000084000000, 0x0000000084000000|100%| O|  |TAMS 0x0000000084000000, 0x0000000084000000| Untracked 
|  64|0x0000000084000000, 0x0000000084100000, 0x0000000084100000|100%| O|  |TAMS 0x0000000084100000, 0x0000000084100000| Untracked 
|  65|0x0000000084100000, 0x0000000084200000, 0x0000000084200000|100%| O|  |TAMS 0x0000000084200000, 0x0000000084200000| Untracked 
|  66|0x0000000084200000, 0x0000000084300000, 0x0000000084300000|100%| O|  |TAMS 0x0000000084300000, 0x0000000084300000| Untracked 
|  67|0x0000000084300000, 0x0000000084400000, 0x0000000084400000|100%| O|  |TAMS 0x0000000084400000, 0x0000000084400000| Untracked 
|  68|0x0000000084400000, 0x0000000084500000, 0x0000000084500000|100%| O|  |TAMS 0x0000000084500000, 0x0000000084500000| Untracked 
|  69|0x0000000084500000, 0x0000000084600000, 0x0000000084600000|100%| O|  |TAMS 0x0000000084600000, 0x0000000084600000| Untracked 
|  70|0x0000000084600000, 0x0000000084700000, 0x0000000084700000|100%| O|  |TAMS 0x0000000084700000, 0x0000000084700000| Untracked 
|  71|0x0000000084700000, 0x0000000084800000, 0x0000000084800000|100%| O|  |TAMS 0x0000000084800000, 0x0000000084800000| Untracked 
|  72|0x0000000084800000, 0x0000000084900000, 0x0000000084900000|100%| O|  |TAMS 0x0000000084900000, 0x0000000084900000| Untracked 
|  73|0x0000000084900000, 0x0000000084a00000, 0x0000000084a00000|100%| O|  |TAMS 0x0000000084900000, 0x0000000084a00000| Untracked 
|  74|0x0000000084a00000, 0x0000000084aed400, 0x0000000084b00000| 92%| O|  |TAMS 0x0000000084a00000, 0x0000000084aed400| Untracked 
|  75|0x0000000084b00000, 0x0000000084c00000, 0x0000000084c00000|100%| O|  |TAMS 0x0000000084c00000, 0x0000000084c00000| Untracked 
|  76|0x0000000084c00000, 0x0000000084d00000, 0x0000000084d00000|100%| O|  |TAMS 0x0000000084d00000, 0x0000000084d00000| Untracked 
|  77|0x0000000084d00000, 0x0000000084d00000, 0x0000000084e00000|  0%| F|  |TAMS 0x0000000084d00000, 0x0000000084d00000| Untracked 
|  78|0x0000000084e00000, 0x0000000084e00000, 0x0000000084f00000|  0%| F|  |TAMS 0x0000000084e00000, 0x0000000084e00000| Untracked 
|  79|0x0000000084f00000, 0x0000000085000000, 0x0000000085000000|100%| O|  |TAMS 0x0000000085000000, 0x0000000085000000| Untracked 
|  80|0x0000000085000000, 0x0000000085100000, 0x0000000085100000|100%| O|  |TAMS 0x0000000085100000, 0x0000000085100000| Untracked 
|  81|0x0000000085100000, 0x0000000085200000, 0x0000000085200000|100%| O|  |TAMS 0x0000000085200000, 0x0000000085200000| Untracked 
|  82|0x0000000085200000, 0x0000000085300000, 0x0000000085300000|100%| O|  |TAMS 0x0000000085300000, 0x0000000085300000| Untracked 
|  83|0x0000000085300000, 0x0000000085400000, 0x0000000085400000|100%| O|  |TAMS 0x0000000085400000, 0x0000000085400000| Untracked 
|  84|0x0000000085400000, 0x0000000085400000, 0x0000000085500000|  0%| F|  |TAMS 0x0000000085400000, 0x0000000085400000| Untracked 
|  85|0x0000000085500000, 0x0000000085500000, 0x0000000085600000|  0%| F|  |TAMS 0x0000000085500000, 0x0000000085500000| Untracked 
|  86|0x0000000085600000, 0x0000000085600000, 0x0000000085700000|  0%| F|  |TAMS 0x0000000085600000, 0x0000000085600000| Untracked 
|  87|0x0000000085700000, 0x0000000085700000, 0x0000000085800000|  0%| F|  |TAMS 0x0000000085700000, 0x0000000085700000| Untracked 
|  88|0x0000000085800000, 0x0000000085800000, 0x0000000085900000|  0%| F|  |TAMS 0x0000000085800000, 0x0000000085800000| Untracked 
|  89|0x0000000085900000, 0x0000000085900000, 0x0000000085a00000|  0%| F|  |TAMS 0x0000000085900000, 0x0000000085900000| Untracked 
|  90|0x0000000085a00000, 0x0000000085a00000, 0x0000000085b00000|  0%| F|  |TAMS 0x0000000085a00000, 0x0000000085a00000| Untracked 
|  91|0x0000000085b00000, 0x0000000085b00000, 0x0000000085c00000|  0%| F|  |TAMS 0x0000000085b00000, 0x0000000085b00000| Untracked 
|  92|0x0000000085c00000, 0x0000000085c00000, 0x0000000085d00000|  0%| F|  |TAMS 0x0000000085c00000, 0x0000000085c00000| Untracked 
|  93|0x0000000085d00000, 0x0000000085d00000, 0x0000000085e00000|  0%| F|  |TAMS 0x0000000085d00000, 0x0000000085d00000| Untracked 
|  94|0x0000000085e00000, 0x0000000085e00000, 0x0000000085f00000|  0%| F|  |TAMS 0x0000000085e00000, 0x0000000085e00000| Untracked 
|  95|0x0000000085f00000, 0x0000000085f00000, 0x0000000086000000|  0%| F|  |TAMS 0x0000000085f00000, 0x0000000085f00000| Untracked 
|  96|0x0000000086000000, 0x0000000086000000, 0x0000000086100000|  0%| F|  |TAMS 0x0000000086000000, 0x0000000086000000| Untracked 
|  97|0x0000000086100000, 0x0000000086200000, 0x0000000086200000|100%| O|  |TAMS 0x0000000086200000, 0x0000000086200000| Untracked 
|  98|0x0000000086200000, 0x0000000086200000, 0x0000000086300000|  0%| F|  |TAMS 0x0000000086200000, 0x0000000086200000| Untracked 
|  99|0x0000000086300000, 0x0000000086300000, 0x0000000086400000|  0%| F|  |TAMS 0x0000000086300000, 0x0000000086300000| Untracked 
| 100|0x0000000086400000, 0x0000000086400000, 0x0000000086500000|  0%| F|  |TAMS 0x0000000086400000, 0x0000000086400000| Untracked 
| 101|0x0000000086500000, 0x0000000086500000, 0x0000000086600000|  0%| F|  |TAMS 0x0000000086500000, 0x0000000086500000| Untracked 
| 102|0x0000000086600000, 0x0000000086600000, 0x0000000086700000|  0%| F|  |TAMS 0x0000000086600000, 0x0000000086600000| Untracked 
| 103|0x0000000086700000, 0x0000000086700000, 0x0000000086800000|  0%| F|  |TAMS 0x0000000086700000, 0x0000000086700000| Untracked 
| 104|0x0000000086800000, 0x0000000086800000, 0x0000000086900000|  0%| F|  |TAMS 0x0000000086800000, 0x0000000086800000| Untracked 
| 105|0x0000000086900000, 0x0000000086900000, 0x0000000086a00000|  0%| F|  |TAMS 0x0000000086900000, 0x0000000086900000| Untracked 
| 106|0x0000000086a00000, 0x0000000086a00000, 0x0000000086b00000|  0%| F|  |TAMS 0x0000000086a00000, 0x0000000086a00000| Untracked 
| 107|0x0000000086b00000, 0x0000000086b00000, 0x0000000086c00000|  0%| F|  |TAMS 0x0000000086b00000, 0x0000000086b00000| Untracked 
| 108|0x0000000086c00000, 0x0000000086c00000, 0x0000000086d00000|  0%| F|  |TAMS 0x0000000086c00000, 0x0000000086c00000| Untracked 
| 109|0x0000000086d00000, 0x0000000086d00000, 0x0000000086e00000|  0%| F|  |TAMS 0x0000000086d00000, 0x0000000086d00000| Untracked 
| 110|0x0000000086e00000, 0x0000000086e00000, 0x0000000086f00000|  0%| F|  |TAMS 0x0000000086e00000, 0x0000000086e00000| Untracked 
| 111|0x0000000086f00000, 0x0000000086f00000, 0x0000000087000000|  0%| F|  |TAMS 0x0000000086f00000, 0x0000000086f00000| Untracked 
| 112|0x0000000087000000, 0x0000000087000000, 0x0000000087100000|  0%| F|  |TAMS 0x0000000087000000, 0x0000000087000000| Untracked 
| 113|0x0000000087100000, 0x0000000087100000, 0x0000000087200000|  0%| F|  |TAMS 0x0000000087100000, 0x0000000087100000| Untracked 
| 114|0x0000000087200000, 0x0000000087200000, 0x0000000087300000|  0%| F|  |TAMS 0x0000000087200000, 0x0000000087200000| Untracked 
| 115|0x0000000087300000, 0x0000000087300000, 0x0000000087400000|  0%| F|  |TAMS 0x0000000087300000, 0x0000000087300000| Untracked 
| 116|0x0000000087400000, 0x0000000087400000, 0x0000000087500000|  0%| F|  |TAMS 0x0000000087400000, 0x0000000087400000| Untracked 
| 117|0x0000000087500000, 0x0000000087500000, 0x0000000087600000|  0%| F|  |TAMS 0x0000000087500000, 0x0000000087500000| Untracked 
| 118|0x0000000087600000, 0x00000000876f0580, 0x0000000087700000| 93%| S|CS|TAMS 0x0000000087600000, 0x0000000087600000| Complete 
| 119|0x0000000087700000, 0x0000000087700000, 0x0000000087800000|  0%| F|  |TAMS 0x0000000087700000, 0x0000000087700000| Untracked 
| 120|0x0000000087800000, 0x0000000087800000, 0x0000000087900000|  0%| F|  |TAMS 0x0000000087800000, 0x0000000087800000| Untracked 
| 121|0x0000000087900000, 0x0000000087900000, 0x0000000087a00000|  0%| F|  |TAMS 0x0000000087900000, 0x0000000087900000| Untracked 
| 122|0x0000000087a00000, 0x0000000087a00000, 0x0000000087b00000|  0%| F|  |TAMS 0x0000000087a00000, 0x0000000087a00000| Untracked 
| 123|0x0000000087b00000, 0x0000000087b00000, 0x0000000087c00000|  0%| F|  |TAMS 0x0000000087b00000, 0x0000000087b00000| Untracked 
| 124|0x0000000087c00000, 0x0000000087c00000, 0x0000000087d00000|  0%| F|  |TAMS 0x0000000087c00000, 0x0000000087c00000| Untracked 
| 125|0x0000000087d00000, 0x0000000087d00000, 0x0000000087e00000|  0%| F|  |TAMS 0x0000000087d00000, 0x0000000087d00000| Untracked 
| 126|0x0000000087e00000, 0x0000000087e00000, 0x0000000087f00000|  0%| F|  |TAMS 0x0000000087e00000, 0x0000000087e00000| Untracked 
| 127|0x0000000087f00000, 0x0000000087f00000, 0x0000000088000000|  0%| F|  |TAMS 0x0000000087f00000, 0x0000000087f00000| Untracked 
| 128|0x0000000088000000, 0x0000000088000000, 0x0000000088100000|  0%| F|  |TAMS 0x0000000088000000, 0x0000000088000000| Untracked 
| 129|0x0000000088100000, 0x0000000088100000, 0x0000000088200000|  0%| F|  |TAMS 0x0000000088100000, 0x0000000088100000| Untracked 
| 130|0x0000000088200000, 0x0000000088200000, 0x0000000088300000|  0%| F|  |TAMS 0x0000000088200000, 0x0000000088200000| Untracked 
| 131|0x0000000088300000, 0x0000000088300000, 0x0000000088400000|  0%| F|  |TAMS 0x0000000088300000, 0x0000000088300000| Untracked 
| 132|0x0000000088400000, 0x0000000088400000, 0x0000000088500000|  0%| F|  |TAMS 0x0000000088400000, 0x0000000088400000| Untracked 
| 133|0x0000000088500000, 0x0000000088500000, 0x0000000088600000|  0%| F|  |TAMS 0x0000000088500000, 0x0000000088500000| Untracked 
| 134|0x0000000088600000, 0x0000000088600000, 0x0000000088700000|  0%| F|  |TAMS 0x0000000088600000, 0x0000000088600000| Untracked 
| 135|0x0000000088700000, 0x0000000088700000, 0x0000000088800000|  0%| F|  |TAMS 0x0000000088700000, 0x0000000088700000| Untracked 
| 136|0x0000000088800000, 0x0000000088800000, 0x0000000088900000|  0%| F|  |TAMS 0x0000000088800000, 0x0000000088800000| Untracked 
| 137|0x0000000088900000, 0x0000000088900000, 0x0000000088a00000|  0%| F|  |TAMS 0x0000000088900000, 0x0000000088900000| Untracked 
| 138|0x0000000088a00000, 0x0000000088a00000, 0x0000000088b00000|  0%| F|  |TAMS 0x0000000088a00000, 0x0000000088a00000| Untracked 
| 139|0x0000000088b00000, 0x0000000088b00000, 0x0000000088c00000|  0%| F|  |TAMS 0x0000000088b00000, 0x0000000088b00000| Untracked 
| 140|0x0000000088c00000, 0x0000000088c00000, 0x0000000088d00000|  0%| F|  |TAMS 0x0000000088c00000, 0x0000000088c00000| Untracked 
| 141|0x0000000088d00000, 0x0000000088d00000, 0x0000000088e00000|  0%| F|  |TAMS 0x0000000088d00000, 0x0000000088d00000| Untracked 
| 142|0x0000000088e00000, 0x0000000088e00000, 0x0000000088f00000|  0%| F|  |TAMS 0x0000000088e00000, 0x0000000088e00000| Untracked 
| 143|0x0000000088f00000, 0x0000000088f00000, 0x0000000089000000|  0%| F|  |TAMS 0x0000000088f00000, 0x0000000088f00000| Untracked 
| 144|0x0000000089000000, 0x0000000089000000, 0x0000000089100000|  0%| F|  |TAMS 0x0000000089000000, 0x0000000089000000| Untracked 
| 145|0x0000000089100000, 0x0000000089100000, 0x0000000089200000|  0%| F|  |TAMS 0x0000000089100000, 0x0000000089100000| Untracked 
| 146|0x0000000089200000, 0x0000000089200000, 0x0000000089300000|  0%| F|  |TAMS 0x0000000089200000, 0x0000000089200000| Untracked 
| 147|0x0000000089300000, 0x0000000089300000, 0x0000000089400000|  0%| F|  |TAMS 0x0000000089300000, 0x0000000089300000| Untracked 
| 148|0x0000000089400000, 0x0000000089400000, 0x0000000089500000|  0%| F|  |TAMS 0x0000000089400000, 0x0000000089400000| Untracked 
| 149|0x0000000089500000, 0x0000000089500000, 0x0000000089600000|  0%| F|  |TAMS 0x0000000089500000, 0x0000000089500000| Untracked 
| 150|0x0000000089600000, 0x0000000089600000, 0x0000000089700000|  0%| F|  |TAMS 0x0000000089600000, 0x0000000089600000| Untracked 
| 151|0x0000000089700000, 0x0000000089700000, 0x0000000089800000|  0%| F|  |TAMS 0x0000000089700000, 0x0000000089700000| Untracked 
| 152|0x0000000089800000, 0x0000000089800000, 0x0000000089900000|  0%| F|  |TAMS 0x0000000089800000, 0x0000000089800000| Untracked 
| 153|0x0000000089900000, 0x0000000089900000, 0x0000000089a00000|  0%| F|  |TAMS 0x0000000089900000, 0x0000000089900000| Untracked 

Card table byte_map: [0x000002b7c8990000,0x000002b7c8d90000] _byte_map_base: 0x000002b7c8590000

Marking Bits (Prev, Next): (CMBitMap*) 0x000002b7b5c5d340, (CMBitMap*) 0x000002b7b5c5d308
 Prev Bits: [0x000002b7cb190000, 0x000002b7cd190000)
 Next Bits: [0x000002b7c9190000, 0x000002b7cb190000)

Polling page: 0x000002b7b3b70000

Metaspace:

Usage:
  Non-class:     75.79 MB capacity,    74.55 MB ( 98%) used,     1.04 MB (  1%) free+waste,   215.38 KB ( <1%) overhead. 
      Class:     11.61 MB capacity,    10.91 MB ( 94%) used,   622.23 KB (  5%) free+waste,    96.25 KB ( <1%) overhead. 
       Both:     87.40 MB capacity,    85.46 MB ( 98%) used,     1.64 MB (  2%) free+waste,   311.63 KB ( <1%) overhead. 

Virtual space:
  Non-class space:       84.00 MB reserved,      75.83 MB ( 90%) committed 
      Class space:        1.00 GB reserved,      11.63 MB (  1%) committed 
             Both:        1.08 GB reserved,      87.45 MB (  8%) committed 

Chunk freelists:
   Non-Class:  36.00 KB
       Class:  14.00 KB
        Both:  50.00 KB

MaxMetaspaceSize: 17179869184.00 GB
CompressedClassSpaceSize: 1.00 GB

CodeHeap 'non-profiled nmethods': size=120064Kb used=6994Kb max_used=7145Kb free=113069Kb
 bounds [0x000002b7c1050000, 0x000002b7c1750000, 0x000002b7c8590000]
CodeHeap 'profiled nmethods': size=120000Kb used=23017Kb max_used=23017Kb free=96982Kb
 bounds [0x000002b7b9b20000, 0x000002b7bb1b0000, 0x000002b7c1050000]
CodeHeap 'non-nmethods': size=5696Kb used=2286Kb max_used=2316Kb free=3409Kb
 bounds [0x000002b7b9590000, 0x000002b7b9800000, 0x000002b7b9b20000]
 total_blobs=11598 nmethods=10707 adapters=801
 compilation: enabled
              stopped_count=0, restarted_count=0
 full_count=0

Compilation events (20 events):
Event: 133.844 Thread 0x000002b7cf6a5800 11409       3       java.util.TimSort::mergeCollapse (134 bytes)
Event: 133.845 Thread 0x000002b7cf6a5800 nmethod 11409 0x000002b7bb192090 code [0x000002b7bb192280, 0x000002b7bb1927a8]
Event: 133.870 Thread 0x000002b7cf6a5800 11410       3       com.google.common.collect.Iterators$9::next (25 bytes)
Event: 133.870 Thread 0x000002b7cf6a5800 nmethod 11410 0x000002b7bb192a10 code [0x000002b7bb192be0, 0x000002b7bb192de8]
Event: 133.896 Thread 0x000002b7cf6a5800 11411       3       com.android.zipflinger.CentralDirectoryRecord::getSize (27 bytes)
Event: 133.896 Thread 0x000002b7cf6a5800 nmethod 11411 0x000002b7bb192f10 code [0x000002b7bb1930c0, 0x000002b7bb193238]
Event: 133.898 Thread 0x000002b7cf6a5800 11412       3       com.android.zipflinger.CentralDirectoryRecord::write (228 bytes)
Event: 133.899 Thread 0x000002b7cf6a5800 nmethod 11412 0x000002b7bb193310 code [0x000002b7bb1936e0, 0x000002b7bb195048]
Event: 133.899 Thread 0x000002b7cf6a5800 11413       3       com.android.zipflinger.CentralDirectoryRecord::buildExtraField (77 bytes)
Event: 133.900 Thread 0x000002b7cf6a5800 nmethod 11413 0x000002b7bb195790 code [0x000002b7bb195a00, 0x000002b7bb196548]
Event: 133.917 Thread 0x000002b7cf6a5800 11414       3       java.io.Writer::append (10 bytes)
Event: 133.917 Thread 0x000002b7cf6a5800 nmethod 11414 0x000002b7bb196890 code [0x000002b7bb196a60, 0x000002b7bb196d98]
Event: 133.917 Thread 0x000002b7cf6a5800 11415       3       java.io.Writer::append (7 bytes)
Event: 133.917 Thread 0x000002b7cf6a5800 nmethod 11415 0x000002b7bb196e90 code [0x000002b7bb197040, 0x000002b7bb197208]
Event: 133.917 Thread 0x000002b7cf6a5800 11416       3       com.android.ide.common.symbols.SymbolListWithPackageNameWriter::symbol (51 bytes)
Event: 133.918 Thread 0x000002b7cf6a5800 nmethod 11416 0x000002b7bb197290 code [0x000002b7bb1974c0, 0x000002b7bb197a98]
Event: 133.922 Thread 0x000002b7cf6a5800 11421       3       com.android.ide.common.symbols.SymbolListWithPackageNameWriter::child (26 bytes)
Event: 133.922 Thread 0x000002b7cf6a5800 nmethod 11421 0x000002b7bb197d10 code [0x000002b7bb197f00, 0x000002b7bb198268]
Event: 133.925 Thread 0x000002b7cf6a5800 11422       3       com.google.gson.internal.Excluder::excludeClassInStrategy (64 bytes)
Event: 133.926 Thread 0x000002b7cf6a5800 nmethod 11422 0x000002b7bb198410 code [0x000002b7bb198620, 0x000002b7bb198bf8]

GC Heap History (20 events):
Event: 97.255 GC heap before
{Heap before GC invocations=18 (full 0):
 garbage-first heap   total 157696K, used 124182K [0x0000000080000000, 0x0000000100000000)
  region size 1024K, 65 young (66560K), 9 survivors (9216K)
 Metaspace       used 78595K, capacity 80410K, committed 80464K, reserved 1120256K
  class space    used 10074K, capacity 10717K, committed 10752K, reserved 1048576K
}
Event: 97.278 GC heap after
{Heap after GC invocations=19 (full 0):
 garbage-first heap   total 157696K, used 76326K [0x0000000080000000, 0x0000000100000000)
  region size 1024K, 9 young (9216K), 9 survivors (9216K)
 Metaspace       used 78595K, capacity 80410K, committed 80464K, reserved 1120256K
  class space    used 10074K, capacity 10717K, committed 10752K, reserved 1048576K
}
Event: 99.411 GC heap before
{Heap before GC invocations=19 (full 0):
 garbage-first heap   total 157696K, used 112166K [0x0000000080000000, 0x0000000100000000)
  region size 1024K, 43 young (44032K), 9 survivors (9216K)
 Metaspace       used 81292K, capacity 83144K, committed 83408K, reserved 1122304K
  class space    used 10406K, capacity 11053K, committed 11136K, reserved 1048576K
}
Event: 99.434 GC heap after
{Heap after GC invocations=20 (full 0):
 garbage-first heap   total 157696K, used 86434K [0x0000000080000000, 0x0000000100000000)
  region size 1024K, 7 young (7168K), 7 survivors (7168K)
 Metaspace       used 81292K, capacity 83144K, committed 83408K, reserved 1122304K
  class space    used 10406K, capacity 11053K, committed 11136K, reserved 1048576K
}
Event: 102.739 GC heap before
{Heap before GC invocations=21 (full 0):
 garbage-first heap   total 157696K, used 131490K [0x0000000080000000, 0x0000000100000000)
  region size 1024K, 40 young (40960K), 7 survivors (7168K)
 Metaspace       used 82027K, capacity 83879K, committed 84048K, reserved 1122304K
  class space    used 10517K, capacity 11173K, committed 11264K, reserved 1048576K
}
Event: 102.756 GC heap after
{Heap after GC invocations=22 (full 0):
 garbage-first heap   total 157696K, used 88248K [0x0000000080000000, 0x0000000100000000)
  region size 1024K, 3 young (3072K), 3 survivors (3072K)
 Metaspace       used 82027K, capacity 83879K, committed 84048K, reserved 1122304K
  class space    used 10517K, capacity 11173K, committed 11264K, reserved 1048576K
}
Event: 105.063 GC heap before
{Heap before GC invocations=22 (full 0):
 garbage-first heap   total 157696K, used 121016K [0x0000000080000000, 0x0000000100000000)
  region size 1024K, 36 young (36864K), 3 survivors (3072K)
 Metaspace       used 82125K, capacity 83975K, committed 84304K, reserved 1122304K
  class space    used 10530K, capacity 11185K, committed 11264K, reserved 1048576K
}
Event: 105.073 GC heap after
{Heap after GC invocations=23 (full 0):
 garbage-first heap   total 157696K, used 89541K [0x0000000080000000, 0x0000000100000000)
  region size 1024K, 4 young (4096K), 4 survivors (4096K)
 Metaspace       used 82125K, capacity 83975K, committed 84304K, reserved 1122304K
  class space    used 10530K, capacity 11185K, committed 11264K, reserved 1048576K
}
Event: 107.721 GC heap before
{Heap before GC invocations=24 (full 0):
 garbage-first heap   total 157696K, used 123333K [0x0000000080000000, 0x0000000100000000)
  region size 1024K, 38 young (38912K), 4 survivors (4096K)
 Metaspace       used 82188K, capacity 84137K, committed 84304K, reserved 1122304K
  class space    used 10538K, capacity 11217K, committed 11264K, reserved 1048576K
}
Event: 107.730 GC heap after
{Heap after GC invocations=25 (full 0):
 garbage-first heap   total 157696K, used 91524K [0x0000000080000000, 0x0000000100000000)
  region size 1024K, 4 young (4096K), 4 survivors (4096K)
 Metaspace       used 82188K, capacity 84137K, committed 84304K, reserved 1122304K
  class space    used 10538K, capacity 11217K, committed 11264K, reserved 1048576K
}
Event: 107.790 GC heap before
{Heap before GC invocations=25 (full 0):
 garbage-first heap   total 157696K, used 93572K [0x0000000080000000, 0x0000000100000000)
  region size 1024K, 7 young (7168K), 4 survivors (4096K)
 Metaspace       used 82188K, capacity 84137K, committed 84304K, reserved 1122304K
  class space    used 10538K, capacity 11217K, committed 11264K, reserved 1048576K
}
Event: 107.802 GC heap after
{Heap after GC invocations=26 (full 0):
 garbage-first heap   total 157696K, used 86097K [0x0000000080000000, 0x0000000100000000)
  region size 1024K, 1 young (1024K), 1 survivors (1024K)
 Metaspace       used 82188K, capacity 84137K, committed 84304K, reserved 1122304K
  class space    used 10538K, capacity 11217K, committed 11264K, reserved 1048576K
}
Event: 109.879 GC heap before
{Heap before GC invocations=26 (full 0):
 garbage-first heap   total 157696K, used 121937K [0x0000000080000000, 0x0000000100000000)
  region size 1024K, 37 young (37888K), 1 survivors (1024K)
 Metaspace       used 83292K, capacity 85249K, committed 85456K, reserved 1124352K
  class space    used 10692K, capacity 11386K, committed 11392K, reserved 1048576K
}
Event: 109.886 GC heap after
{Heap after GC invocations=27 (full 0):
 garbage-first heap   total 157696K, used 87645K [0x0000000080000000, 0x0000000100000000)
  region size 1024K, 3 young (3072K), 3 survivors (3072K)
 Metaspace       used 83292K, capacity 85249K, committed 85456K, reserved 1124352K
  class space    used 10692K, capacity 11386K, committed 11392K, reserved 1048576K
}
Event: 111.498 GC heap before
{Heap before GC invocations=28 (full 0):
 garbage-first heap   total 157696K, used 124509K [0x0000000080000000, 0x0000000100000000)
  region size 1024K, 39 young (39936K), 3 survivors (3072K)
 Metaspace       used 85896K, capacity 87777K, committed 87888K, reserved 1126400K
  class space    used 11035K, capacity 11738K, committed 11776K, reserved 1048576K
}
Event: 111.506 GC heap after
{Heap after GC invocations=29 (full 0):
 garbage-first heap   total 157696K, used 88741K [0x0000000080000000, 0x0000000100000000)
  region size 1024K, 4 young (4096K), 4 survivors (4096K)
 Metaspace       used 85896K, capacity 87777K, committed 87888K, reserved 1126400K
  class space    used 11035K, capacity 11738K, committed 11776K, reserved 1048576K
}
Event: 111.569 GC heap before
{Heap before GC invocations=29 (full 0):
 garbage-first heap   total 157696K, used 91813K [0x0000000080000000, 0x0000000100000000)
  region size 1024K, 7 young (7168K), 4 survivors (4096K)
 Metaspace       used 85999K, capacity 87905K, committed 88144K, reserved 1126400K
  class space    used 11036K, capacity 11738K, committed 11776K, reserved 1048576K
}
Event: 111.576 GC heap after
{Heap after GC invocations=30 (full 0):
 garbage-first heap   total 157696K, used 82833K [0x0000000080000000, 0x0000000100000000)
  region size 1024K, 1 young (1024K), 1 survivors (1024K)
 Metaspace       used 85999K, capacity 87905K, committed 88144K, reserved 1126400K
  class space    used 11036K, capacity 11738K, committed 11776K, reserved 1048576K
}
Event: 133.578 GC heap before
{Heap before GC invocations=30 (full 0):
 garbage-first heap   total 157696K, used 122769K [0x0000000080000000, 0x0000000100000000)
  region size 1024K, 41 young (41984K), 1 survivors (1024K)
 Metaspace       used 87235K, capacity 89146K, committed 89296K, reserved 1126400K
  class space    used 11144K, capacity 11857K, committed 11904K, reserved 1048576K
}
Event: 133.590 GC heap after
{Heap after GC invocations=31 (full 0):
 garbage-first heap   total 157696K, used 89088K [0x0000000080000000, 0x0000000100000000)
  region size 1024K, 6 young (6144K), 6 survivors (6144K)
 Metaspace       used 87235K, capacity 89146K, committed 89296K, reserved 1126400K
  class space    used 11144K, capacity 11857K, committed 11904K, reserved 1048576K
}

Deoptimization events (20 events):
Event: 132.962 Thread 0x000002b7d4cdd000 Uncommon trap: trap_request=0xffffff4d fr.pc=0x000002b7c1139ddc relative=0x00000000000008bc
Event: 132.962 Thread 0x000002b7d4cdd000 Uncommon trap: reason=unstable_if action=reinterpret pc=0x000002b7c1139ddc method=com.google.common.collect.ImmutableMap.copyOf(Ljava/util/Map;)Lcom/google/common/collect/ImmutableMap; @ 4 c2
Event: 132.962 Thread 0x000002b7d4cdd000 DEOPT PACKING pc=0x000002b7c1139ddc sp=0x000000f0350fdd50
Event: 132.962 Thread 0x000002b7d4cdd000 DEOPT UNPACKING pc=0x000002b7b95b74af sp=0x000000f0350fdd28 mode 2
Event: 132.962 Thread 0x000002b7d4cdd000 Uncommon trap: trap_request=0xffffffde fr.pc=0x000002b7c11407cc relative=0x00000000000000ac
Event: 132.962 Thread 0x000002b7d4cdd000 Uncommon trap: reason=class_check action=maybe_recompile pc=0x000002b7c11407cc method=com.google.common.collect.AbstractIndexedListIterator.next()Ljava/lang/Object; @ 27 c2
Event: 132.962 Thread 0x000002b7d4cdd000 DEOPT PACKING pc=0x000002b7c11407cc sp=0x000000f0350fde50
Event: 132.962 Thread 0x000002b7d4cdd000 DEOPT UNPACKING pc=0x000002b7b95b74af sp=0x000000f0350fdde8 mode 2
Event: 132.963 Thread 0x000002b7d4cdd000 Uncommon trap: trap_request=0xffffffde fr.pc=0x000002b7c11407cc relative=0x00000000000000ac
Event: 132.963 Thread 0x000002b7d4cdd000 Uncommon trap: reason=class_check action=maybe_recompile pc=0x000002b7c11407cc method=com.google.common.collect.AbstractIndexedListIterator.next()Ljava/lang/Object; @ 27 c2
Event: 132.963 Thread 0x000002b7d4cdd000 DEOPT PACKING pc=0x000002b7c11407cc sp=0x000000f0350fde50
Event: 132.963 Thread 0x000002b7d4cdd000 DEOPT UNPACKING pc=0x000002b7b95b74af sp=0x000000f0350fdde8 mode 2
Event: 132.963 Thread 0x000002b7d4cdd000 Uncommon trap: trap_request=0xffffffde fr.pc=0x000002b7c11407cc relative=0x00000000000000ac
Event: 132.963 Thread 0x000002b7d4cdd000 Uncommon trap: reason=class_check action=maybe_recompile pc=0x000002b7c11407cc method=com.google.common.collect.AbstractIndexedListIterator.next()Ljava/lang/Object; @ 27 c2
Event: 132.963 Thread 0x000002b7d4cdd000 DEOPT PACKING pc=0x000002b7c11407cc sp=0x000000f0350fde50
Event: 132.963 Thread 0x000002b7d4cdd000 DEOPT UNPACKING pc=0x000002b7b95b74af sp=0x000000f0350fdde8 mode 2
Event: 132.963 Thread 0x000002b7d4cdd000 Uncommon trap: trap_request=0xffffffde fr.pc=0x000002b7c11407cc relative=0x00000000000000ac
Event: 132.963 Thread 0x000002b7d4cdd000 Uncommon trap: reason=class_check action=maybe_recompile pc=0x000002b7c11407cc method=com.google.common.collect.AbstractIndexedListIterator.next()Ljava/lang/Object; @ 27 c2
Event: 132.963 Thread 0x000002b7d4cdd000 DEOPT PACKING pc=0x000002b7c11407cc sp=0x000000f0350fde50
Event: 132.963 Thread 0x000002b7d4cdd000 DEOPT UNPACKING pc=0x000002b7b95b74af sp=0x000000f0350fdde8 mode 2

Classes redefined (0 events):
No events

Internal exceptions (20 events):
Event: 99.936 Thread 0x000002b7d1736000 Exception <a 'java/lang/NoSuchMethodError'{0x00000000892bd418}: 'void java.lang.invoke.DirectMethodHandle$Holder.invokeStatic(java.lang.Object, java.lang.Object, java.lang.Object, java.lang.Object, int, java.lang.Object)'> (0x00000000892bd418) thrown at [./src/hotspot/share/interpreter/linkResolver.cpp, line 773]
Event: 101.249 Thread 0x000002b7d1736000 Exception <a 'java/lang/NoSuchMethodError'{0x00000000888aac78}: <clinit>> (0x00000000888aac78) thrown at [./src/hotspot/share/prims/jni.cpp, line 1362]
Event: 104.287 Thread 0x000002b7d4cdd000 Exception <a 'java/lang/NoSuchMethodError'{0x00000000885de018}: 'void java.lang.invoke.DirectMethodHandle$Holder.invokeStatic(java.lang.Object, long)'> (0x00000000885de018) thrown at [./src/hotspot/share/interpreter/linkResolver.cpp, line 773]
Event: 104.288 Thread 0x000002b7d4cdd000 Exception <a 'java/lang/NoSuchMethodError'{0x00000000885e3230}: 'java.lang.Object java.lang.invoke.DirectMethodHandle$Holder.invokeStatic(java.lang.Object, long)'> (0x00000000885e3230) thrown at [./src/hotspot/share/interpreter/linkResolver.cpp, line 773]
Event: 104.291 Thread 0x000002b7d4cdd000 Exception <a 'java/lang/NoSuchMethodError'{0x0000000088411e70}: 'java.lang.Object java.lang.invoke.DirectMethodHandle$Holder.invokeStaticInit(java.lang.Object, java.lang.Object, long, java.lang.Object)'> (0x0000000088411e70) thrown at [./src/hotspot/share/interpreter/linkResolver.cpp, line 773]
Event: 104.292 Thread 0x000002b7d4cdd000 Exception <a 'java/lang/NoSuchMethodError'{0x0000000088417fa8}: 'java.lang.Object java.lang.invoke.DirectMethodHandle$Holder.invokeStatic(java.lang.Object, java.lang.Object, long)'> (0x0000000088417fa8) thrown at [./src/hotspot/share/interpreter/linkResolver.cpp, line 773]
Event: 104.295 Thread 0x000002b7d4cdd000 Exception <a 'java/lang/NoSuchMethodError'{0x000000008841e910}: 'java.lang.Object java.lang.invoke.Invokers$Holder.linkToTargetMethod(java.lang.Object, long, java.lang.Object)'> (0x000000008841e910) thrown at [./src/hotspot/share/interpreter/linkResolver.cpp, line 773]
Event: 107.917 Thread 0x000002b7d4cde800 Exception <a 'java/lang/NoSuchMethodError'{0x0000000089518980}: 'int java.lang.invoke.DirectMethodHandle$Holder.invokeSpecial(java.lang.Object, java.lang.Object, java.lang.Object, java.lang.Object, java.lang.Object)'> (0x0000000089518980) thrown at [./src/hotspot/share/interpreter/linkResolver.cpp, line 773]
Event: 109.157 Thread 0x000002b7d4ce0000 Exception <a 'java/lang/NoSuchMethodError'{0x0000000088a477b8}: <clinit>> (0x0000000088a477b8) thrown at [./src/hotspot/share/prims/jni.cpp, line 1362]
Event: 109.157 Thread 0x000002b7d4ce0000 Exception <a 'java/lang/NoSuchMethodError'{0x0000000088a48eb0}: <clinit>> (0x0000000088a48eb0) thrown at [./src/hotspot/share/prims/jni.cpp, line 1362]
Event: 109.157 Thread 0x000002b7d4ce0000 Exception <a 'java/lang/NoSuchMethodError'{0x0000000088a4baf8}: <clinit>> (0x0000000088a4baf8) thrown at [./src/hotspot/share/prims/jni.cpp, line 1362]
Event: 109.159 Thread 0x000002b7d4ce0000 Exception <a 'java/lang/NoSuchMethodError'{0x0000000088a616f0}: <clinit>> (0x0000000088a616f0) thrown at [./src/hotspot/share/prims/jni.cpp, line 1362]
Event: 109.159 Thread 0x000002b7d4ce0000 Exception <a 'java/lang/NoSuchMethodError'{0x0000000088a62928}: <clinit>> (0x0000000088a62928) thrown at [./src/hotspot/share/prims/jni.cpp, line 1362]
Event: 111.665 Thread 0x000002b7d4ce0000 Exception <a 'java/lang/NoSuchMethodError'{0x00000000897ae9e0}: <clinit>> (0x00000000897ae9e0) thrown at [./src/hotspot/share/prims/jni.cpp, line 1362]
Event: 111.667 Thread 0x000002b7d4ce0000 Exception <a 'java/lang/NoSuchMethodError'{0x00000000897c5788}: <clinit>> (0x00000000897c5788) thrown at [./src/hotspot/share/prims/jni.cpp, line 1362]
Event: 111.713 Thread 0x000002b7d4ce0000 Exception <a 'java/lang/NoSuchMethodError'{0x00000000895837b0}: <clinit>> (0x00000000895837b0) thrown at [./src/hotspot/share/prims/jni.cpp, line 1362]
Event: 112.177 Thread 0x000002b7d4cdd000 Exception <a 'java/lang/NoSuchMethodError'{0x000000008936fe40}: 'int java.lang.invoke.DirectMethodHandle$Holder.invokeSpecialIFC(java.lang.Object, java.lang.Object, java.lang.Object)'> (0x000000008936fe40) thrown at [./src/hotspot/share/interpreter/linkResolver.cpp, line 773]
Event: 133.137 Thread 0x000002b7d4cdd000 Exception <a 'sun/nio/fs/WindowsException'{0x0000000087224e38}> (0x0000000087224e38) thrown at [./src/hotspot/share/prims/jni.cpp, line 615]
Event: 133.164 Thread 0x000002b7d4cdd000 Exception <a 'sun/nio/fs/WindowsException'{0x000000008723fbb8}> (0x000000008723fbb8) thrown at [./src/hotspot/share/prims/jni.cpp, line 615]
Event: 133.164 Thread 0x000002b7d4cdd000 Exception <a 'sun/nio/fs/WindowsException'{0x000000008723fca0}> (0x000000008723fca0) thrown at [./src/hotspot/share/prims/jni.cpp, line 615]

Events (20 events):
Event: 133.473 loading class org/objectweb/asm/commons/Method
Event: 133.473 loading class org/objectweb/asm/commons/Method done
Event: 133.550 loading class org/objectweb/asm/commons/GeneratorAdapter
Event: 133.550 loading class org/objectweb/asm/commons/GeneratorAdapter done
Event: 133.568 loading class org/objectweb/asm/commons/LocalVariablesSorter
Event: 133.568 loading class org/objectweb/asm/commons/LocalVariablesSorter done
Event: 133.578 Executing VM operation: G1CollectForAllocation
Event: 133.590 Executing VM operation: G1CollectForAllocation done
Event: 133.792 Executing VM operation: CGC_Operation
Event: 133.807 Executing VM operation: CGC_Operation done
Event: 133.900 loading class com/android/zipflinger/Zip64
Event: 133.900 loading class com/android/zipflinger/Zip64 done
Event: 133.901 loading class com/android/zipflinger/EndOfCentralDirectory
Event: 133.901 loading class com/android/zipflinger/EndOfCentralDirectory done
Event: 133.913 loading class com/android/ide/common/symbols/SymbolListWithPackageNameWriter
Event: 133.913 loading class com/android/ide/common/symbols/SymbolListWithPackageNameWriter done
Event: 133.915 Executing VM operation: CGC_Operation
Event: 133.915 Executing VM operation: CGC_Operation done
Event: 133.924 loading class com/android/build/api/variant/impl/BuiltArtifactsImpl$persist$1
Event: 133.924 loading class com/android/build/api/variant/impl/BuiltArtifactsImpl$persist$1 done


Dynamic libraries:
0x00007ff7e5120000 - 0x00007ff7e512a000 	C:\Program Files\Android\Android Studio\jre\bin\java.exe
0x00007ffb0c900000 - 0x00007ffb0caf0000 	C:\WINDOWS\SYSTEM32\ntdll.dll
0x00007ffb0ad40000 - 0x00007ffb0adf2000 	C:\WINDOWS\System32\KERNEL32.DLL
0x00007ffb0a2c0000 - 0x00007ffb0a565000 	C:\WINDOWS\System32\KERNELBASE.dll
0x00007ffb09870000 - 0x00007ffb0996a000 	C:\WINDOWS\System32\ucrtbase.dll
0x00007ffaf2c50000 - 0x00007ffaf2c67000 	C:\Program Files\Android\Android Studio\jre\bin\VCRUNTIME140.dll
0x00007ffaf3740000 - 0x00007ffaf3759000 	C:\Program Files\Android\Android Studio\jre\bin\jli.dll
0x00007ffb0b2f0000 - 0x00007ffb0b484000 	C:\WINDOWS\System32\USER32.dll
0x00007ffafe4e0000 - 0x00007ffafe764000 	C:\WINDOWS\WinSxS\amd64_microsoft.windows.common-controls_6595b64144ccf1df_6.0.18362.1440_none_9e7dbfb9e45e8e67\COMCTL32.dll
0x00007ffb0a820000 - 0x00007ffb0a841000 	C:\WINDOWS\System32\win32u.dll
0x00007ffb0b490000 - 0x00007ffb0b4b6000 	C:\WINDOWS\System32\GDI32.dll
0x00007ffb0c740000 - 0x00007ffb0c7de000 	C:\WINDOWS\System32\msvcrt.dll
0x00007ffb0a680000 - 0x00007ffb0a818000 	C:\WINDOWS\System32\gdi32full.dll
0x00007ffb0ba10000 - 0x00007ffb0bd46000 	C:\WINDOWS\System32\combase.dll
0x00007ffb0a5c0000 - 0x00007ffb0a65e000 	C:\WINDOWS\System32\msvcp_win.dll
0x00007ffb0abc0000 - 0x00007ffb0acdf000 	C:\WINDOWS\System32\RPCRT4.dll
0x00007ffb099a0000 - 0x00007ffb09a21000 	C:\WINDOWS\System32\bcryptPrimitives.dll
0x00007ffb0ace0000 - 0x00007ffb0ad0e000 	C:\WINDOWS\System32\IMM32.DLL
0x00007ffaed8b0000 - 0x00007ffaed94d000 	C:\Program Files\Android\Android Studio\jre\bin\msvcp140.dll
0x00007ffad2660000 - 0x00007ffad311c000 	C:\Program Files\Android\Android Studio\jre\bin\server\jvm.dll
0x00007ffb0bdf0000 - 0x00007ffb0be93000 	C:\WINDOWS\System32\ADVAPI32.dll
0x00007ffb0bd50000 - 0x00007ffb0bde7000 	C:\WINDOWS\System32\sechost.dll
0x00007ffb0ad30000 - 0x00007ffb0ad38000 	C:\WINDOWS\System32\PSAPI.DLL
0x00007ffb07120000 - 0x00007ffb07129000 	C:\WINDOWS\SYSTEM32\WSOCK32.dll
0x00007ffb0b530000 - 0x00007ffb0b59f000 	C:\WINDOWS\System32\WS2_32.dll
0x00007ffb070a0000 - 0x00007ffb070c4000 	C:\WINDOWS\SYSTEM32\WINMM.dll
0x00007ffb02c10000 - 0x00007ffb02c1a000 	C:\WINDOWS\SYSTEM32\VERSION.dll
0x00007ffb07070000 - 0x00007ffb0709d000 	C:\WINDOWS\SYSTEM32\winmmbase.dll
0x00007ffb0a570000 - 0x00007ffb0a5ba000 	C:\WINDOWS\System32\cfgmgr32.dll
0x00007ffb097c0000 - 0x00007ffb097d1000 	C:\WINDOWS\System32\kernel.appcore.dll
0x00007ffaffa60000 - 0x00007ffaffa71000 	C:\Program Files\Android\Android Studio\jre\bin\verify.dll
0x00007ffaf6250000 - 0x00007ffaf6444000 	C:\WINDOWS\SYSTEM32\DBGHELP.DLL
0x00007ffaf5700000 - 0x00007ffaf572a000 	C:\WINDOWS\SYSTEM32\dbgcore.DLL
0x00007ffaf0a60000 - 0x00007ffaf0a89000 	C:\Program Files\Android\Android Studio\jre\bin\java.dll
0x00007ffb06e20000 - 0x00007ffb06e2b000 	C:\Program Files\Android\Android Studio\jre\bin\jimage.dll
0x00007ffaf2d30000 - 0x00007ffaf2d48000 	C:\Program Files\Android\Android Studio\jre\bin\zip.dll
0x00007ffb0bea0000 - 0x00007ffb0c588000 	C:\WINDOWS\System32\SHELL32.dll
0x00007ffb0ae00000 - 0x00007ffb0aea7000 	C:\WINDOWS\System32\shcore.dll
0x00007ffb09b40000 - 0x00007ffb0a2bb000 	C:\WINDOWS\System32\windows.storage.dll
0x00007ffb09850000 - 0x00007ffb0986e000 	C:\WINDOWS\System32\profapi.dll
0x00007ffb097e0000 - 0x00007ffb0982a000 	C:\WINDOWS\System32\powrprof.dll
0x00007ffb097b0000 - 0x00007ffb097c0000 	C:\WINDOWS\System32\UMPDC.dll
0x00007ffb0af30000 - 0x00007ffb0af82000 	C:\WINDOWS\System32\shlwapi.dll
0x00007ffb0a660000 - 0x00007ffb0a677000 	C:\WINDOWS\System32\cryptsp.dll
0x00007ffaf08d0000 - 0x00007ffaf08ea000 	C:\Program Files\Android\Android Studio\jre\bin\net.dll
0x00007ffafeab0000 - 0x00007ffafebaa000 	C:\WINDOWS\SYSTEM32\WINHTTP.dll
0x00007ffb08ff0000 - 0x00007ffb09057000 	C:\WINDOWS\system32\mswsock.dll
0x00007ffaf0850000 - 0x00007ffaf0864000 	C:\Program Files\Android\Android Studio\jre\bin\nio.dll
0x00007ffb00010000 - 0x00007ffb00037000 	C:\Users\Omaz\.gradle\native\f6784746aeab05261644944871eae4fe03e0ef1612fff0a4a95f87b438bc6780\windows-amd64\native-platform.dll
0x00007ffb02280000 - 0x00007ffb0228a000 	C:\Program Files\Android\Android Studio\jre\bin\management.dll
0x00007ffb02160000 - 0x00007ffb0216c000 	C:\Program Files\Android\Android Studio\jre\bin\management_ext.dll
0x00007ffb08b70000 - 0x00007ffb08ba3000 	C:\WINDOWS\system32\rsaenh.dll
0x00007ffb09970000 - 0x00007ffb09996000 	C:\WINDOWS\System32\bcrypt.dll
0x00007ffb09690000 - 0x00007ffb096b5000 	C:\WINDOWS\SYSTEM32\USERENV.dll
0x00007ffb091c0000 - 0x00007ffb091cc000 	C:\WINDOWS\SYSTEM32\CRYPTBASE.dll
0x00007ffb08d00000 - 0x00007ffb08d3a000 	C:\WINDOWS\SYSTEM32\IPHLPAPI.DLL
0x00007ffb0c8b0000 - 0x00007ffb0c8b8000 	C:\WINDOWS\System32\NSI.dll
0x00007ffb02c20000 - 0x00007ffb02c36000 	C:\WINDOWS\SYSTEM32\dhcpcsvc6.DLL
0x00007ffb030d0000 - 0x00007ffb030ec000 	C:\WINDOWS\SYSTEM32\dhcpcsvc.DLL
0x00007ffb08d40000 - 0x00007ffb08e0b000 	C:\WINDOWS\SYSTEM32\DNSAPI.dll
0x00007ffb039f0000 - 0x00007ffb039fb000 	C:\WINDOWS\SYSTEM32\WINNSI.DLL

dbghelp: loaded successfully - version: 4.0.5 - missing functions: none
symbol engine: initialized successfully - sym options: 0x614 - pdb path: .;C:\Program Files\Android\Android Studio\jre\bin;C:\WINDOWS\SYSTEM32;C:\WINDOWS\WinSxS\amd64_microsoft.windows.common-controls_6595b64144ccf1df_6.0.18362.1440_none_9e7dbfb9e45e8e67;C:\Program Files\Android\Android Studio\jre\bin\server;C:\Users\Omaz\.gradle\native\f6784746aeab05261644944871eae4fe03e0ef1612fff0a4a95f87b438bc6780\windows-amd64

VM Arguments:
jvm_args: --add-opens=java.base/java.util=ALL-UNNAMED --add-opens=java.base/java.lang=ALL-UNNAMED --add-opens=java.base/java.lang.invoke=ALL-UNNAMED --add-opens=java.prefs/java.util.prefs=ALL-UNNAMED -Xmx2048m -Dfile.encoding=UTF-8 -Duser.country=RU -Duser.language=ru -Duser.variant 
java_command: org.gradle.launcher.daemon.bootstrap.GradleDaemon 6.5
java_class_path (initial): C:\Users\Omaz\.gradle\wrapper\dists\gradle-6.5-bin\6nifqtx7604sqp1q6g8wikw7p\gradle-6.5\lib\gradle-launcher-6.5.jar
Launcher Type: SUN_STANDARD

[Global flags]
     intx CICompilerCount                          = 3                                         {product} {ergonomic}
     uint ConcGCThreads                            = 1                                         {product} {ergonomic}
     uint G1ConcRefinementThreads                  = 4                                         {product} {ergonomic}
   size_t G1HeapRegionSize                         = 1048576                                   {product} {ergonomic}
    uintx GCDrainStackTargetSize                   = 64                                        {product} {ergonomic}
   size_t InitialHeapSize                          = 134217728                                 {product} {ergonomic}
   size_t MarkStackSize                            = 4194304                                   {product} {ergonomic}
   size_t MaxHeapSize                              = 2147483648                                {product} {command line}
   size_t MaxNewSize                               = 1287651328                                {product} {ergonomic}
   size_t MinHeapDeltaBytes                        = 1048576                                   {product} {ergonomic}
    uintx NonNMethodCodeHeapSize                   = 5830732                                {pd product} {ergonomic}
    uintx NonProfiledCodeHeapSize                  = 122913754                              {pd product} {ergonomic}
    uintx ProfiledCodeHeapSize                     = 122913754                              {pd product} {ergonomic}
    uintx ReservedCodeCacheSize                    = 251658240                              {pd product} {ergonomic}
     bool SegmentedCodeCache                       = true                                      {product} {ergonomic}
     bool UseCompressedClassPointers               = true                                 {lp64_product} {ergonomic}
     bool UseCompressedOops                        = true                                 {lp64_product} {ergonomic}
     bool UseG1GC                                  = true                                      {product} {ergonomic}
     bool UseLargePagesIndividualAllocation        = false                                  {pd product} {ergonomic}

Logging:
Log output configuration:
 #0: stdout all=warning uptime,level,tags
 #1: stderr all=off uptime,level,tags

Environment Variables:
PATH=C:\Program Files\Common Files\Oracle\Java\javapath;C:\WINDOWS\system32;C:\WINDOWS;C:\WINDOWS\System32\Wbem;C:\WINDOWS\System32\WindowsPowerShell\v1.0\;C:\Program Files\dotnet\;C:\Program Files\Microsoft SQL Server\130\Tools\Binn\;C:\Program Files\Microsoft SQL Server\Client SDK\ODBC\170\Tools\Binn\;C:\WINDOWS\System32\OpenSSH\;C:\Program Files\Git\cmd;C:\Users\Omaz\AppData\Local\Microsoft\WindowsApps;C:\Users\Omaz\.dotnet\tools;
USERNAME=Omaz
OS=Windows_NT
PROCESSOR_IDENTIFIER=Intel64 Family 6 Model 142 Stepping 9, GenuineIntel



---------------  S Y S T E M  ---------------

OS: Windows 10 , 64 bit Build 18362 (10.0.18362.1350)
OS uptime: 0 days 20:50 hours

CPU:total 4 (initial active 4) (2 cores per cpu, 2 threads per core) family 6 model 142 stepping 9, cmov, cx8, fxsr, mmx, sse, sse2, sse3, ssse3, sse4.1, sse4.2, popcnt, avx, avx2, aes, clmul, erms, 3dnowpref, lzcnt, ht, tsc, tscinvbit, bmi1, bmi2, adx, fma

Memory: 4k page, system-wide physical 8069M (411M free)
TotalPageFile size 10085M (AvailPageFile size 0M)
current process WorkingSet (physical memory assigned to process): 380M, peak: 386M
current process commit charge ("private bytes"): 412M, peak: 417M

vm_info: OpenJDK 64-Bit Server VM (11.0.8+10-b944.6842174) for windows-amd64 JRE (11.0.8+10-b944.6842174), built on Sep 19 2020 01:11:42 by "builder" with MS VC++ 14.0 (VS2015)

END.
