#
# There is insufficient memory for the Java Runtime Environment to continue.
# Native memory allocation (malloc) failed to allocate 1041616 bytes for Chunk::new
# Possible reasons:
#   The system is out of physical RAM or swap space
#   The process is running with CompressedOops enabled, and the Java Heap may be blocking the growth of the native heap
# Possible solutions:
#   Reduce memory load on the system
#   Increase physical memory or swap space
#   Check if swap backing store is full
#   Decrease Java heap size (-Xmx/-Xms)
#   Decrease number of Java threads
#   Decrease Java thread stack sizes (-Xss)
#   Set larger code cache with -XX:ReservedCodeCacheSize=
#   JVM is running with Unscaled Compressed Oops mode in which the Java heap is
#     placed in the first 4GB address space. The Java Heap base address is the
#     maximum limit for the native heap growth. Please use -XX:HeapBaseMinAddress
#     to set the Java Heap base and to place the Java Heap above 4GB virtual address.
# This output file may be truncated or incomplete.
#
#  Out of Memory Error (allocation.cpp:389), pid=8272, tid=0x0000000000002f1c
#
# JRE version: OpenJDK Runtime Environment (8.0_242-b01) (build 1.8.0_242-release-1644-b01)
# Java VM: OpenJDK 64-Bit Server VM (25.242-b01 mixed mode windows-amd64 compressed oops)
# Failed to write core dump. Minidumps are not enabled by default on client versions of Windows
#

---------------  T H R E A D  ---------------

Current thread (0x0000000017ac6800):  JavaThread "C2 CompilerThread0" daemon [_thread_in_native, id=12060, stack(0x0000000019110000,0x0000000019210000)]

Stack: [0x0000000019110000,0x0000000019210000]
[error occurred during error reporting (printing stack bounds), id 0xc0000005]

Native frames: (J=compiled Java code, j=interpreted, Vv=VM code, C=native code)


Current CompileTask:
C2:3743331 31615   !   4       com.sun.tools.javac.comp.Check::checkNonCyclicInternal (302 bytes)


---------------  P R O C E S S  ---------------

Java Threads: ( => current thread )
  0x000000001bca3800 JavaThread "RMI TCP Connection(69)-127.0.0.1" daemon [_thread_in_native, id=4492, stack(0x00000000394c0000,0x00000000395c0000)]
  0x000000001bc99000 JavaThread "RMI RenewClean-[127.0.0.1:17083,org.jetbrains.kotlin.daemon.common.LoopbackNetworkInterface$ClientLoopbackSocketFactory@2d9f4949]" daemon [_thread_blocked, id=11196, stack(0x00000000341a0000,0x00000000342a0000)]
  0x000000001bc98800 JavaThread "WorkerExecutor Queue" [_thread_blocked, id=5436, stack(0x00000000369b0000,0x0000000036ab0000)]
  0x000000001bc9c000 JavaThread "RMI TCP Accept-0" daemon [_thread_in_native, id=11512, stack(0x0000000035b30000,0x0000000035c30000)]
  0x000000001bc9a000 JavaThread "Cache worker for execution history cache (C:\Users\Omaz\AndroidStudioProjects\Test_Diplom\OmazApp\.gradle\6.5\executionHistory)" [_thread_blocked, id=5216, stack(0x0000000033d90000,0x0000000033e90000)]
  0x000000001bc96000 JavaThread "Execution worker for ':' Thread 3" [_thread_blocked, id=5820, stack(0x0000000032f00000,0x0000000033000000)]
  0x000000001bc97000 JavaThread "Execution worker for ':' Thread 2" [_thread_in_native, id=5964, stack(0x000000002d9b0000,0x000000002dab0000)]
  0x000000001bc95800 JavaThread "Execution worker for ':'" [_thread_blocked, id=8856, stack(0x000000002d040000,0x000000002d140000)]
  0x000000001ab5c800 JavaThread "Cache worker for file content cache (C:\Users\Omaz\AndroidStudioProjects\Test_Diplom\OmazApp\.gradle\6.5\fileContent)" [_thread_blocked, id=10468, stack(0x000000002ca40000,0x000000002cb40000)]
  0x000000001ab5a800 JavaThread "Cache worker for Build Output Cleanup Cache (C:\Users\Omaz\AndroidStudioProjects\Test_Diplom\OmazApp\.gradle\buildOutputCleanup)" [_thread_blocked, id=3944, stack(0x000000002c040000,0x000000002c140000)]
  0x000000001ab5c000 JavaThread "jar transforms Thread 1037" [_thread_blocked, id=1372, stack(0x000000002a050000,0x000000002a150000)]
  0x000000001ab59800 JavaThread "jar transforms Thread 1036" [_thread_blocked, id=8588, stack(0x0000000029d50000,0x0000000029e50000)]
  0x000000001ab59000 JavaThread "jar transforms Thread 1035" [_thread_blocked, id=10436, stack(0x0000000028350000,0x0000000028450000)]
  0x000000001ab50000 JavaThread "jar transforms Thread 1034" [_thread_blocked, id=12144, stack(0x0000000028250000,0x0000000028350000)]
  0x000000001ab54800 JavaThread "jar transforms Thread 1033" [_thread_blocked, id=10900, stack(0x0000000028150000,0x0000000028250000)]
  0x000000001ab53800 JavaThread "jar transforms Thread 1032" [_thread_blocked, id=12112, stack(0x0000000028050000,0x0000000028150000)]
  0x000000001ab55000 JavaThread "jar transforms Thread 1031" [_thread_blocked, id=5224, stack(0x0000000027d50000,0x0000000027e50000)]
  0x000000001ab53000 JavaThread "jar transforms Thread 1030" [_thread_blocked, id=5168, stack(0x0000000027c50000,0x0000000027d50000)]
  0x000000001ab50800 JavaThread "jar transforms Thread 1029" [_thread_blocked, id=11364, stack(0x0000000027b50000,0x0000000027c50000)]
  0x000000001ab4d800 JavaThread "jar transforms Thread 1028" [_thread_blocked, id=9620, stack(0x0000000027a50000,0x0000000027b50000)]
  0x000000001ab4e800 JavaThread "jar transforms Thread 1027" [_thread_blocked, id=8720, stack(0x0000000027950000,0x0000000027a50000)]
  0x000000001ab52000 JavaThread "jar transforms Thread 1026" [_thread_blocked, id=9128, stack(0x0000000027850000,0x0000000027950000)]
  0x000000001ab4f000 JavaThread "jar transforms Thread 1025" [_thread_blocked, id=11936, stack(0x0000000027750000,0x0000000027850000)]
  0x000000002f899000 JavaThread "jar transforms Thread 1024" [_thread_blocked, id=9636, stack(0x0000000027650000,0x0000000027750000)]
  0x000000002f89e000 JavaThread "jar transforms Thread 1023" [_thread_blocked, id=10608, stack(0x0000000027550000,0x0000000027650000)]
  0x000000002f89d800 JavaThread "jar transforms Thread 1022" [_thread_blocked, id=5864, stack(0x0000000027450000,0x0000000027550000)]
  0x000000002f89c000 JavaThread "jar transforms Thread 1021" [_thread_blocked, id=11280, stack(0x0000000027350000,0x0000000027450000)]
  0x000000002f89c800 JavaThread "jar transforms Thread 1020" [_thread_blocked, id=11868, stack(0x0000000027250000,0x0000000027350000)]
  0x000000002f89b000 JavaThread "jar transforms Thread 1019" [_thread_blocked, id=1600, stack(0x0000000027150000,0x0000000027250000)]
  0x000000002f898000 JavaThread "jar transforms Thread 1018" [_thread_blocked, id=8364, stack(0x0000000027050000,0x0000000027150000)]
  0x000000002f899800 JavaThread "jar transforms Thread 1017" [_thread_blocked, id=10576, stack(0x0000000026f50000,0x0000000027050000)]
  0x000000002f897800 JavaThread "jar transforms Thread 1016" [_thread_blocked, id=5316, stack(0x0000000026e50000,0x0000000026f50000)]
  0x000000002f89a800 JavaThread "jar transforms Thread 1015" [_thread_blocked, id=3064, stack(0x0000000026d50000,0x0000000026e50000)]
  0x000000002f88f800 JavaThread "jar transforms Thread 1014" [_thread_blocked, id=6328, stack(0x0000000026c50000,0x0000000026d50000)]
  0x000000002f896800 JavaThread "jar transforms Thread 1013" [_thread_blocked, id=11944, stack(0x0000000026b50000,0x0000000026c50000)]
  0x000000002f895000 JavaThread "jar transforms Thread 1012" [_thread_blocked, id=10432, stack(0x0000000026a50000,0x0000000026b50000)]
  0x000000002f894800 JavaThread "jar transforms Thread 1011" [_thread_blocked, id=1596, stack(0x0000000026950000,0x0000000026a50000)]
  0x000000002f893800 JavaThread "jar transforms Thread 1010" [_thread_blocked, id=3736, stack(0x0000000026850000,0x0000000026950000)]
  0x000000002f893000 JavaThread "jar transforms Thread 1009" [_thread_blocked, id=11808, stack(0x0000000026750000,0x0000000026850000)]
  0x000000002f896000 JavaThread "jar transforms Thread 1008" [_thread_blocked, id=6780, stack(0x0000000026650000,0x0000000026750000)]
  0x000000002f88b000 JavaThread "jar transforms Thread 1007" [_thread_blocked, id=7560, stack(0x0000000026550000,0x0000000026650000)]
  0x000000002f892000 JavaThread "jar transforms Thread 1006" [_thread_blocked, id=8392, stack(0x0000000026450000,0x0000000026550000)]
  0x000000002f890800 JavaThread "jar transforms Thread 1005" [_thread_blocked, id=1008, stack(0x0000000026350000,0x0000000026450000)]
  0x000000002f88f000 JavaThread "jar transforms Thread 1004" [_thread_blocked, id=12204, stack(0x0000000026250000,0x0000000026350000)]
  0x000000002f88e000 JavaThread "jar transforms Thread 1003" [_thread_blocked, id=5268, stack(0x0000000026150000,0x0000000026250000)]
  0x000000002f88d800 JavaThread "jar transforms Thread 1002" [_thread_blocked, id=6812, stack(0x0000000026050000,0x0000000026150000)]
  0x000000002f891000 JavaThread "jar transforms Thread 1001" [_thread_blocked, id=10512, stack(0x0000000025f50000,0x0000000026050000)]
  0x000000002f88c000 JavaThread "jar transforms Thread 1000" [_thread_blocked, id=10504, stack(0x0000000025e50000,0x0000000025f50000)]
  0x000000002f88c800 JavaThread "jar transforms Thread 999" [_thread_blocked, id=7608, stack(0x0000000025d50000,0x0000000025e50000)]
  0x000000002f88a800 JavaThread "jar transforms Thread 998" [_thread_blocked, id=4352, stack(0x0000000025c50000,0x0000000025d50000)]
  0x000000002f889800 JavaThread "jar transforms Thread 997" [_thread_blocked, id=4956, stack(0x0000000025b50000,0x0000000025c50000)]
  0x000000002f882000 JavaThread "jar transforms Thread 996" [_thread_blocked, id=7716, stack(0x0000000025a50000,0x0000000025b50000)]
  0x000000002f889000 JavaThread "jar transforms Thread 995" [_thread_blocked, id=1636, stack(0x0000000025950000,0x0000000025a50000)]
  0x000000002f883000 JavaThread "jar transforms Thread 994" [_thread_blocked, id=920, stack(0x0000000025850000,0x0000000025950000)]
  0x000000002f888000 JavaThread "jar transforms Thread 993" [_thread_blocked, id=4756, stack(0x0000000025750000,0x0000000025850000)]
  0x000000002f880800 JavaThread "jar transforms Thread 992" [_thread_blocked, id=9448, stack(0x0000000025650000,0x0000000025750000)]
  0x000000002f884800 JavaThread "jar transforms Thread 991" [_thread_blocked, id=10540, stack(0x0000000025550000,0x0000000025650000)]
  0x000000002f886800 JavaThread "jar transforms Thread 990" [_thread_blocked, id=7096, stack(0x0000000025450000,0x0000000025550000)]
  0x000000002f887800 JavaThread "jar transforms Thread 989" [_thread_blocked, id=6492, stack(0x0000000025350000,0x0000000025450000)]
  0x000000002f87f000 JavaThread "jar transforms Thread 988" [_thread_blocked, id=11884, stack(0x0000000025250000,0x0000000025350000)]
  0x000000002f880000 JavaThread "jar transforms Thread 987" [_thread_blocked, id=2360, stack(0x0000000025150000,0x0000000025250000)]
  0x000000002f881800 JavaThread "jar transforms Thread 986" [_thread_blocked, id=9308, stack(0x0000000025050000,0x0000000025150000)]
  0x000000002f883800 JavaThread "jar transforms Thread 985" [_thread_blocked, id=6500, stack(0x0000000024f50000,0x0000000025050000)]
  0x000000002e60c000 JavaThread "jar transforms Thread 984" [_thread_blocked, id=7728, stack(0x0000000024e50000,0x0000000024f50000)]
  0x000000002e604800 JavaThread "jar transforms Thread 983" [_thread_blocked, id=11788, stack(0x0000000024d50000,0x0000000024e50000)]
  0x000000002e60b000 JavaThread "jar transforms Thread 982" [_thread_blocked, id=3908, stack(0x0000000024c50000,0x0000000024d50000)]
  0x000000002e609800 JavaThread "jar transforms Thread 981" [_thread_blocked, id=2804, stack(0x0000000024b50000,0x0000000024c50000)]
  0x000000002e603800 JavaThread "jar transforms Thread 980" [_thread_blocked, id=12064, stack(0x0000000024a50000,0x0000000024b50000)]
  0x000000002e607800 JavaThread "jar transforms Thread 979" [_thread_blocked, id=11984, stack(0x0000000024950000,0x0000000024a50000)]
  0x000000002e606000 JavaThread "jar transforms Thread 978" [_thread_blocked, id=8524, stack(0x0000000024850000,0x0000000024950000)]
  0x000000002e609000 JavaThread "jar transforms Thread 977" [_thread_blocked, id=10812, stack(0x0000000024750000,0x0000000024850000)]
  0x000000002e60a800 JavaThread "jar transforms Thread 976" [_thread_blocked, id=8692, stack(0x0000000024650000,0x0000000024750000)]
  0x000000002e608000 JavaThread "jar transforms Thread 975" [_thread_blocked, id=5616, stack(0x0000000024550000,0x0000000024650000)]
  0x000000002e605000 JavaThread "jar transforms Thread 974" [_thread_blocked, id=5336, stack(0x0000000024450000,0x0000000024550000)]
  0x000000002e602000 JavaThread "jar transforms Thread 973" [_thread_blocked, id=10604, stack(0x0000000024350000,0x0000000024450000)]
  0x000000002e603000 JavaThread "jar transforms Thread 972" [_thread_blocked, id=7192, stack(0x0000000024250000,0x0000000024350000)]
  0x000000002e606800 JavaThread "jar transforms Thread 971" [_thread_blocked, id=9292, stack(0x0000000024150000,0x0000000024250000)]
  0x000000002e5fa800 JavaThread "jar transforms Thread 970" [_thread_blocked, id=8308, stack(0x0000000024050000,0x0000000024150000)]
  0x000000002e601800 JavaThread "jar transforms Thread 969" [_thread_blocked, id=11692, stack(0x0000000023f50000,0x0000000024050000)]
  0x000000002e5fa000 JavaThread "jar transforms Thread 968" [_thread_blocked, id=5856, stack(0x0000000023e50000,0x0000000023f50000)]
  0x000000002e600800 JavaThread "jar transforms Thread 967" [_thread_blocked, id=8840, stack(0x0000000023d50000,0x0000000023e50000)]
  0x000000002e600000 JavaThread "jar transforms Thread 966" [_thread_blocked, id=7288, stack(0x0000000023c50000,0x0000000023d50000)]
  0x000000002e5f7800 JavaThread "jar transforms Thread 965" [_thread_blocked, id=5760, stack(0x0000000023b50000,0x0000000023c50000)]
  0x000000002e5fe800 JavaThread "jar transforms Thread 964" [_thread_blocked, id=1736, stack(0x0000000023a50000,0x0000000023b50000)]
  0x000000002e5fd800 JavaThread "jar transforms Thread 963" [_thread_blocked, id=9956, stack(0x0000000023950000,0x0000000023a50000)]
  0x000000002e5fd000 JavaThread "jar transforms Thread 962" [_thread_blocked, id=11592, stack(0x0000000023850000,0x0000000023950000)]
  0x000000002e5f8800 JavaThread "jar transforms Thread 961" [_thread_blocked, id=11644, stack(0x0000000023750000,0x0000000023850000)]
  0x000000002e5f9000 JavaThread "jar transforms Thread 960" [_thread_blocked, id=9196, stack(0x0000000023650000,0x0000000023750000)]
  0x000000002e5fc000 JavaThread "jar transforms Thread 959" [_thread_blocked, id=11928, stack(0x0000000023450000,0x0000000023550000)]
  0x000000002e5fb800 JavaThread "jar transforms Thread 958" [_thread_blocked, id=2124, stack(0x0000000023350000,0x0000000023450000)]
  0x000000002e5f7000 JavaThread "jar transforms Thread 957" [_thread_blocked, id=5036, stack(0x0000000023250000,0x0000000023350000)]
  0x000000002e5ef800 JavaThread "jar transforms Thread 956" [_thread_blocked, id=8784, stack(0x0000000023150000,0x0000000023250000)]
  0x000000002e5f6000 JavaThread "jar transforms Thread 955" [_thread_blocked, id=11736, stack(0x0000000023050000,0x0000000023150000)]
  0x000000002e5f5800 JavaThread "jar transforms Thread 954" [_thread_blocked, id=11792, stack(0x0000000022f50000,0x0000000023050000)]
  0x000000002e5ee000 JavaThread "jar transforms Thread 953" [_thread_blocked, id=768, stack(0x0000000022e50000,0x0000000022f50000)]
  0x000000002e5f0000 JavaThread "jar transforms Thread 952" [_thread_blocked, id=1656, stack(0x0000000022d50000,0x0000000022e50000)]
  0x000000002e5ee800 JavaThread "jar transforms Thread 951" [_thread_blocked, id=116, stack(0x0000000022c50000,0x0000000022d50000)]
  0x000000002e5f4800 JavaThread "jar transforms Thread 950" [_thread_blocked, id=11912, stack(0x0000000022b50000,0x0000000022c50000)]
  0x000000002e5f2800 JavaThread "jar transforms Thread 949" [_thread_blocked, id=7692, stack(0x0000000022a50000,0x0000000022b50000)]
  0x000000002e5f3000 JavaThread "jar transforms Thread 948" [_thread_blocked, id=1972, stack(0x0000000022950000,0x0000000022a50000)]
  0x000000002e5f1800 JavaThread "jar transforms Thread 947" [_thread_blocked, id=10872, stack(0x0000000022850000,0x0000000022950000)]
  0x000000002e5f4000 JavaThread "jar transforms Thread 946" [_thread_blocked, id=8112, stack(0x0000000022750000,0x0000000022850000)]
  0x000000002e5ed000 JavaThread "jar transforms Thread 945" [_thread_blocked, id=11452, stack(0x0000000022650000,0x0000000022750000)]
  0x000000002e5f1000 JavaThread "Build operations Thread 4" [_thread_blocked, id=1280, stack(0x0000000021c50000,0x0000000021d50000)]
  0x000000001e575800 JavaThread "Build operations Thread 3" [_thread_blocked, id=9748, stack(0x0000000021450000,0x0000000021550000)]
  0x000000001e57a000 JavaThread "Build operations Thread 2" [_thread_blocked, id=6216, stack(0x000000001db40000,0x000000001dc40000)]
  0x000000001e579000 JavaThread "Build operations" [_thread_blocked, id=10776, stack(0x000000001d540000,0x000000001d640000)]
  0x000000001e578800 JavaThread "Cache worker for cache directory md-rule (C:\Users\Omaz\.gradle\caches\6.5\md-rule)" [_thread_blocked, id=3756, stack(0x000000001d440000,0x000000001d540000)]
  0x000000001e577800 JavaThread "Cache worker for cache directory md-supplier (C:\Users\Omaz\.gradle\caches\6.5\md-supplier)" [_thread_blocked, id=5400, stack(0x000000001d340000,0x000000001d440000)]
  0x000000001e56d000 JavaThread "Cache worker for checksums cache (C:\Users\Omaz\AndroidStudioProjects\Test_Diplom\OmazApp\.gradle\checksums)" [_thread_blocked, id=5664, stack(0x000000001d240000,0x000000001d340000)]
  0x000000001e574000 JavaThread "Cache worker for file hash cache (C:\Users\Omaz\AndroidStudioProjects\Test_Diplom\OmazApp\.gradle\6.5\fileHashes)" [_thread_blocked, id=3244, stack(0x000000001d140000,0x000000001d240000)]
  0x000000001e56e000 JavaThread "Thread-1314" [_thread_blocked, id=7664, stack(0x000000001d040000,0x000000001d140000)]
  0x000000001e56c800 JavaThread "Stdin handler" [_thread_blocked, id=2684, stack(0x000000001cf40000,0x000000001d040000)]
  0x000000001e572800 JavaThread "Asynchronous log dispatcher for DefaultDaemonConnection: socket connection from /127.0.0.1:63996 to /127.0.0.1:64883" [_thread_blocked, id=10928, stack(0x000000001c8f0000,0x000000001c9f0000)]
  0x000000001e56b000 JavaThread "Cancel handler" [_thread_blocked, id=3012, stack(0x0000000001290000,0x0000000001390000)]
  0x000000001e56e800 JavaThread "Handler for socket connection from /127.0.0.1:63996 to /127.0.0.1:64883" [_thread_in_native, id=11024, stack(0x0000000001190000,0x0000000001290000)]
  0x000000001b889000 JavaThread "jar transforms Thread 944" [_thread_blocked, id=11052, stack(0x0000000029c50000,0x0000000029d50000)]
  0x000000001e541000 JavaThread "jar transforms Thread 943" [_thread_blocked, id=6804, stack(0x0000000029b50000,0x0000000029c50000)]
  0x000000001e540000 JavaThread "jar transforms Thread 942" [_thread_blocked, id=5564, stack(0x0000000029a50000,0x0000000029b50000)]
  0x000000001e53e800 JavaThread "jar transforms Thread 941" [_thread_blocked, id=9092, stack(0x0000000029950000,0x0000000029a50000)]
  0x000000001e53f800 JavaThread "jar transforms Thread 940" [_thread_blocked, id=7284, stack(0x0000000029850000,0x0000000029950000)]
  0x000000001e53e000 JavaThread "jar transforms Thread 939" [_thread_blocked, id=376, stack(0x0000000029750000,0x0000000029850000)]
  0x000000001e53d000 JavaThread "jar transforms Thread 938" [_thread_blocked, id=11968, stack(0x0000000029650000,0x0000000029750000)]
  0x000000001e53c800 JavaThread "jar transforms Thread 937" [_thread_blocked, id=7120, stack(0x0000000029550000,0x0000000029650000)]
  0x000000001e542800 JavaThread "jar transforms Thread 936" [_thread_blocked, id=9344, stack(0x0000000029450000,0x0000000029550000)]
  0x000000001e53b800 JavaThread "jar transforms Thread 935" [_thread_blocked, id=11164, stack(0x0000000029350000,0x0000000029450000)]
  0x000000001e541800 JavaThread "jar transforms Thread 934" [_thread_blocked, id=9348, stack(0x0000000029250000,0x0000000029350000)]
  0x000000001e534000 JavaThread "jar transforms Thread 933" [_thread_blocked, id=3104, stack(0x0000000029150000,0x0000000029250000)]
  0x000000001e53b000 JavaThread "jar transforms Thread 932" [_thread_blocked, id=7352, stack(0x0000000029050000,0x0000000029150000)]
  0x000000001e536800 JavaThread "jar transforms Thread 931" [_thread_blocked, id=948, stack(0x0000000028f50000,0x0000000029050000)]
  0x000000001e535000 JavaThread "jar transforms Thread 930" [_thread_blocked, id=10952, stack(0x0000000028e50000,0x0000000028f50000)]
  0x000000001e53a000 JavaThread "jar transforms Thread 929" [_thread_blocked, id=6088, stack(0x0000000028d50000,0x0000000028e50000)]
  0x000000001e538000 JavaThread "jar transforms Thread 928" [_thread_blocked, id=6916, stack(0x0000000028c50000,0x0000000028d50000)]
  0x000000001e535800 JavaThread "jar transforms Thread 927" [_thread_blocked, id=10272, stack(0x0000000028b50000,0x0000000028c50000)]
  0x000000001e538800 JavaThread "jar transforms Thread 926" [_thread_blocked, id=8264, stack(0x0000000028a50000,0x0000000028b50000)]
  0x000000001e533800 JavaThread "jar transforms Thread 925" [_thread_blocked, id=3764, stack(0x0000000028950000,0x0000000028a50000)]
  0x000000001e539800 JavaThread "jar transforms Thread 924" [_thread_blocked, id=9768, stack(0x0000000028850000,0x0000000028950000)]
  0x000000001ab58000 JavaThread "jar transforms Thread 923" [_thread_blocked, id=12036, stack(0x0000000028750000,0x0000000028850000)]
  0x000000001ab57800 JavaThread "jar transforms Thread 922" [_thread_blocked, id=11844, stack(0x0000000028650000,0x0000000028750000)]
  0x000000001ab56800 JavaThread "jar transforms Thread 921" [_thread_blocked, id=5608, stack(0x0000000028550000,0x0000000028650000)]
  0x000000001ab56000 JavaThread "jar transforms Thread 920" [_thread_blocked, id=596, stack(0x0000000028450000,0x0000000028550000)]
  0x000000001acde000 JavaThread "Daemon worker Thread 8" [_thread_blocked, id=3128, stack(0x000000001c7f0000,0x000000001c8f0000)]
  0x000000001acd9800 JavaThread "Daemon Thread 8" [_thread_blocked, id=2356, stack(0x0000000001090000,0x0000000001190000)]
  0x000000001acdc800 JavaThread "RMI TCP Connection(67)-127.0.0.1" daemon [_thread_in_native, id=2380, stack(0x0000000034f50000,0x0000000035050000)]
  0x000000001bca2000 JavaThread "RMI TCP Connection(68)-127.0.0.1" daemon [_thread_in_native, id=8748, stack(0x0000000032c00000,0x0000000032d00000)]
  0x000000001ace2800 JavaThread "Cache worker for Java compile cache (C:\Users\Omaz\.gradle\caches\6.5\javaCompile)" [_thread_blocked, id=5560, stack(0x00000000309a0000,0x0000000030aa0000)]
  0x000000001e570000 JavaThread "RMI Reaper" [_thread_blocked, id=6532, stack(0x000000002cd40000,0x000000002ce40000)]
  0x000000001e577000 JavaThread "RMI TCP Accept-0" daemon [_thread_in_native, id=4264, stack(0x000000002cc40000,0x000000002cd40000)]
  0x000000001e576000 JavaThread "GC Daemon" daemon [_thread_blocked, id=11036, stack(0x000000002cb40000,0x000000002cc40000)]
  0x000000001e574800 JavaThread "RMI Scheduler(0)" daemon [_thread_blocked, id=11656, stack(0x000000002c940000,0x000000002ca40000)]
  0x000000001e571800 JavaThread "Memory manager" [_thread_blocked, id=11624, stack(0x000000002b6f0000,0x000000002b7f0000)]
  0x000000001b55f800 JavaThread "Cache worker for file content cache (C:\Users\Omaz\.gradle\caches\6.5\fileContent)" [_thread_blocked, id=7484, stack(0x0000000021d50000,0x0000000021e50000)]
  0x000000001b564000 JavaThread "Cache worker for execution history cache (C:\Users\Omaz\.gradle\caches\6.5\executionHistory)" [_thread_blocked, id=11576, stack(0x0000000021550000,0x0000000021650000)]
  0x000000001b563800 JavaThread "Cache worker for file hash cache (C:\Users\Omaz\.gradle\caches\6.5\fileHashes)" [_thread_blocked, id=10140, stack(0x000000001da40000,0x000000001db40000)]
  0x000000001b561000 JavaThread "File lock request listener" [_thread_in_native, id=9804, stack(0x000000001d940000,0x000000001da40000)]
  0x000000001b4e8800 JavaThread "Cache worker for journal cache (C:\Users\Omaz\.gradle\caches\journal-1)" [_thread_blocked, id=11548, stack(0x000000001d840000,0x000000001d940000)]
  0x000000001b3c5800 JavaThread "Daemon periodic checks" [_thread_blocked, id=6256, stack(0x000000001cc40000,0x000000001cd40000)]
  0x000000001b3c3000 JavaThread "Incoming local TCP Connector on port 63996" [_thread_in_native, id=4892, stack(0x000000001c9f0000,0x000000001caf0000)]
  0x000000001b11a000 JavaThread "Daemon health stats" [_thread_blocked, id=2696, stack(0x000000001c3b0000,0x000000001c4b0000)]
  0x0000000017b1d000 JavaThread "Service Thread" daemon [_thread_blocked, id=10336, stack(0x0000000019810000,0x0000000019910000)]
  0x0000000017b10000 JavaThread "C1 CompilerThread2" daemon [_thread_blocked, id=10116, stack(0x0000000019310000,0x0000000019410000)]
  0x0000000017aca800 JavaThread "C2 CompilerThread1" daemon [_thread_blocked, id=9616, stack(0x0000000019210000,0x0000000019310000)]
=>0x0000000017ac6800 JavaThread "C2 CompilerThread0" daemon [_thread_in_native, id=12060, stack(0x0000000019110000,0x0000000019210000)]
  0x0000000017ac5000 JavaThread "Attach Listener" daemon [_thread_blocked, id=5312, stack(0x0000000019010000,0x0000000019110000)]
  0x0000000017ac4000 JavaThread "Signal Dispatcher" daemon [_thread_blocked, id=6280, stack(0x0000000018f10000,0x0000000019010000)]
  0x0000000002e98800 JavaThread "Finalizer" daemon [_thread_blocked, id=9872, stack(0x0000000018d10000,0x0000000018e10000)]
  0x0000000002e93000 JavaThread "Reference Handler" daemon [_thread_blocked, id=2420, stack(0x0000000018c10000,0x0000000018d10000)]
  0x0000000002d3d800 JavaThread "main" [_thread_blocked, id=7932, stack(0x0000000002ba0000,0x0000000002ca0000)]

Other Threads:
  0x0000000017a86000 VMThread [stack: 0x0000000018b10000,0x0000000018c10000] [id=7928]
  0x0000000017b1d800 WatcherThread [stack: 0x0000000019910000,0x0000000019a10000] [id=7672]

VM state:not at safepoint (normal execution)

VM Mutex/Monitor currently owned by a thread: None

heap address: 0x0000000080000000, size: 2048 MB, Compressed Oops mode: 32-bit
Narrow klass base: 0x0000000000000000, Narrow klass shift: 3
Compressed class space size: 1073741824 Address: 0x0000000100000000

Heap:
 PSYoungGen      total 607744K, used 67758K [0x00000000d5580000, 0x0000000100000000, 0x0000000100000000)
  eden space 557568K, 3% used [0x00000000d5580000,0x00000000d66b1de0,0x00000000f7600000)
  from space 50176K, 99% used [0x00000000fcf00000,0x00000000ffff9d90,0x0000000100000000)
  to   space 70656K, 0% used [0x00000000f7600000,0x00000000f7600000,0x00000000fbb00000)
 ParOldGen       total 171008K, used 105967K [0x0000000080000000, 0x000000008a700000, 0x00000000d5580000)
  object space 171008K, 61% used [0x0000000080000000,0x000000008677bd18,0x000000008a700000)
 Metaspace       used 206327K, capacity 216234K, committed 216344K, reserved 1239040K
  class space    used 25166K, capacity 26902K, committed 26928K, reserved 1048576K

Card table byte_map: [0x0000000012260000,0x0000000012670000] byte_map_base: 0x0000000011e60000

Marking Bits: (ParMarkBitMap*) 0x000000005d7df030
 Begin Bits: [0x0000000012d20000, 0x0000000014d20000)
 End Bits:   [0x0000000014d20000, 0x0000000016d20000)

Polling page: 0x0000000000e70000

CodeCache: size=245760Kb used=87874Kb max_used=88481Kb free=157885Kb
 bounds [0x0000000002ea0000, 0x0000000008590000, 0x0000000011ea0000]
 total_blobs=25521 nmethods=24564 adapters=865
 compilation: enabled

Compilation events (10 events):
Event: 3743.253 Thread 0x0000000017aca800 31629       4       kotlin.reflect.jvm.internal.KPropertyImpl::getDescriptor (8 bytes)
Event: 3743.256 Thread 0x0000000017b10000 31630       3       kotlin.sequences.SequencesKt___SequencesKt::toCollection (50 bytes)
Event: 3743.256 Thread 0x0000000017b10000 nmethod 31630 0x0000000003fb1bd0 code [0x0000000003fb1da0, 0x0000000003fb2438]
Event: 3743.259 Thread 0x0000000017aca800 nmethod 31629 0x00000000038ee290 code [0x00000000038ee400, 0x00000000038ee638]
Event: 3743.264 Thread 0x0000000017b10000 31631       3       sun.rmi.server.Util::getRemoteInterfaces (100 bytes)
Event: 3743.266 Thread 0x0000000017b10000 nmethod 31631 0x00000000038246d0 code [0x0000000003824940, 0x0000000003825828]
Event: 3743.269 Thread 0x0000000017b10000 31633       1       java.util.concurrent.atomic.AtomicInteger::incrementAndGet (14 bytes)
Event: 3743.270 Thread 0x0000000017b10000 nmethod 31633 0x00000000085423d0 code [0x0000000008542520, 0x0000000008542630]
Event: 3743.273 Thread 0x0000000017b10000 31632       3       java.rmi.server.ObjID::write (19 bytes)
Event: 3743.274 Thread 0x0000000017b10000 nmethod 31632 0x0000000003b89910 code [0x0000000003b89ac0, 0x0000000003b8a018]

GC Heap History (10 events):
Event: 3570.195 GC heap before
{Heap before GC invocations=27 (full 4):
 PSYoungGen      total 643584K, used 195020K [0x00000000d5580000, 0x0000000100000000, 0x0000000100000000)
  eden space 594432K, 27% used [0x00000000d5580000,0x00000000df451360,0x00000000f9a00000)
  from space 49152K, 65% used [0x00000000fcb00000,0x00000000feaa1e48,0x00000000ffb00000)
  to   space 50176K, 0% used [0x00000000f9a00000,0x00000000f9a00000,0x00000000fcb00000)
 ParOldGen       total 129536K, used 93795K [0x0000000080000000, 0x0000000087e80000, 0x00000000d5580000)
  object space 129536K, 72% used [0x0000000080000000,0x0000000085b98ed0,0x0000000087e80000)
 Metaspace       used 156929K, capacity 164186K, committed 164308K, reserved 1193984K
  class space    used 19124K, capacity 20429K, committed 20528K, reserved 1048576K
Event: 3570.217 GC heap after
Heap after GC invocations=27 (full 4):
 PSYoungGen      total 644608K, used 15259K [0x00000000d5580000, 0x00000000ffe00000, 0x0000000100000000)
  eden space 594432K, 0% used [0x00000000d5580000,0x00000000d5580000,0x00000000f9a00000)
  from space 50176K, 30% used [0x00000000f9a00000,0x00000000fa8e6c28,0x00000000fcb00000)
  to   space 48640K, 0% used [0x00000000fce80000,0x00000000fce80000,0x00000000ffe00000)
 ParOldGen       total 129536K, used 93803K [0x0000000080000000, 0x0000000087e80000, 0x00000000d5580000)
  object space 129536K, 72% used [0x0000000080000000,0x0000000085b9aed0,0x0000000087e80000)
 Metaspace       used 156929K, capacity 164186K, committed 164308K, reserved 1193984K
  class space    used 19124K, capacity 20429K, committed 20528K, reserved 1048576K
}
Event: 3570.217 GC heap before
{Heap before GC invocations=28 (full 5):
 PSYoungGen      total 644608K, used 15259K [0x00000000d5580000, 0x00000000ffe00000, 0x0000000100000000)
  eden space 594432K, 0% used [0x00000000d5580000,0x00000000d5580000,0x00000000f9a00000)
  from space 50176K, 30% used [0x00000000f9a00000,0x00000000fa8e6c28,0x00000000fcb00000)
  to   space 48640K, 0% used [0x00000000fce80000,0x00000000fce80000,0x00000000ffe00000)
 ParOldGen       total 129536K, used 93803K [0x0000000080000000, 0x0000000087e80000, 0x00000000d5580000)
  object space 129536K, 72% used [0x0000000080000000,0x0000000085b9aed0,0x0000000087e80000)
 Metaspace       used 156929K, capacity 164186K, committed 164308K, reserved 1193984K
  class space    used 19124K, capacity 20429K, committed 20528K, reserved 1048576K
Event: 3570.521 GC heap after
Heap after GC invocations=28 (full 5):
 PSYoungGen      total 644608K, used 0K [0x00000000d5580000, 0x00000000ffe00000, 0x0000000100000000)
  eden space 594432K, 0% used [0x00000000d5580000,0x00000000d5580000,0x00000000f9a00000)
  from space 50176K, 0% used [0x00000000f9a00000,0x00000000f9a00000,0x00000000fcb00000)
  to   space 48640K, 0% used [0x00000000fce80000,0x00000000fce80000,0x00000000ffe00000)
 ParOldGen       total 171008K, used 69296K [0x0000000080000000, 0x000000008a700000, 0x00000000d5580000)
  object space 171008K, 40% used [0x0000000080000000,0x00000000843ac310,0x000000008a700000)
 Metaspace       used 156910K, capacity 164132K, committed 164308K, reserved 1193984K
  class space    used 19117K, capacity 20416K, committed 20528K, reserved 1048576K
}
Event: 3578.297 GC heap before
{Heap before GC invocations=29 (full 5):
 PSYoungGen      total 644608K, used 594432K [0x00000000d5580000, 0x00000000ffe00000, 0x0000000100000000)
  eden space 594432K, 100% used [0x00000000d5580000,0x00000000f9a00000,0x00000000f9a00000)
  from space 50176K, 0% used [0x00000000f9a00000,0x00000000f9a00000,0x00000000fcb00000)
  to   space 48640K, 0% used [0x00000000fce80000,0x00000000fce80000,0x00000000ffe00000)
 ParOldGen       total 171008K, used 69296K [0x0000000080000000, 0x000000008a700000, 0x00000000d5580000)
  object space 171008K, 40% used [0x0000000080000000,0x00000000843ac310,0x000000008a700000)
 Metaspace       used 164841K, capacity 172112K, committed 172440K, reserved 1200128K
  class space    used 19974K, capacity 21288K, committed 21424K, reserved 1048576K
Event: 3578.352 GC heap after
Heap after GC invocations=29 (full 5):
 PSYoungGen      total 647168K, used 32144K [0x00000000d5580000, 0x0000000100000000, 0x0000000100000000)
  eden space 598528K, 0% used [0x00000000d5580000,0x00000000d5580000,0x00000000f9e00000)
  from space 48640K, 66% used [0x00000000fce80000,0x00000000fede41b8,0x00000000ffe00000)
  to   space 49664K, 0% used [0x00000000f9e00000,0x00000000f9e00000,0x00000000fce80000)
 ParOldGen       total 171008K, used 69304K [0x0000000080000000, 0x000000008a700000, 0x00000000d5580000)
  object space 171008K, 40% used [0x0000000080000000,0x00000000843ae310,0x000000008a700000)
 Metaspace       used 164841K, capacity 172112K, committed 172440K, reserved 1200128K
  class space    used 19974K, capacity 21288K, committed 21424K, reserved 1048576K
}
Event: 3734.258 GC heap before
{Heap before GC invocations=30 (full 5):
 PSYoungGen      total 647168K, used 630672K [0x00000000d5580000, 0x0000000100000000, 0x0000000100000000)
  eden space 598528K, 100% used [0x00000000d5580000,0x00000000f9e00000,0x00000000f9e00000)
  from space 48640K, 66% used [0x00000000fce80000,0x00000000fede41b8,0x00000000ffe00000)
  to   space 49664K, 0% used [0x00000000f9e00000,0x00000000f9e00000,0x00000000fce80000)
 ParOldGen       total 171008K, used 69304K [0x0000000080000000, 0x000000008a700000, 0x00000000d5580000)
  object space 171008K, 40% used [0x0000000080000000,0x00000000843ae310,0x000000008a700000)
 Metaspace       used 177501K, capacity 186146K, committed 186392K, reserved 1212416K
  class space    used 21453K, capacity 22966K, committed 23088K, reserved 1048576K
Event: 3734.282 GC heap after
Heap after GC invocations=30 (full 5):
 PSYoungGen      total 648192K, used 31195K [0x00000000d5580000, 0x0000000100000000, 0x0000000100000000)
  eden space 598528K, 0% used [0x00000000d5580000,0x00000000d5580000,0x00000000f9e00000)
  from space 49664K, 62% used [0x00000000f9e00000,0x00000000fbc76f30,0x00000000fce80000)
  to   space 50176K, 0% used [0x00000000fcf00000,0x00000000fcf00000,0x0000000100000000)
 ParOldGen       total 171008K, used 69312K [0x0000000080000000, 0x000000008a700000, 0x00000000d5580000)
  object space 171008K, 40% used [0x0000000080000000,0x00000000843b0310,0x000000008a700000)
 Metaspace       used 177501K, capacity 186146K, committed 186392K, reserved 1212416K
  class space    used 21453K, capacity 22966K, committed 23088K, reserved 1048576K
}
Event: 3743.001 GC heap before
{Heap before GC invocations=31 (full 5):
 PSYoungGen      total 648192K, used 629723K [0x00000000d5580000, 0x0000000100000000, 0x0000000100000000)
  eden space 598528K, 100% used [0x00000000d5580000,0x00000000f9e00000,0x00000000f9e00000)
  from space 49664K, 62% used [0x00000000f9e00000,0x00000000fbc76f30,0x00000000fce80000)
  to   space 50176K, 0% used [0x00000000fcf00000,0x00000000fcf00000,0x0000000100000000)
 ParOldGen       total 171008K, used 69312K [0x0000000080000000, 0x000000008a700000, 0x00000000d5580000)
  object space 171008K, 40% used [0x0000000080000000,0x00000000843b0310,0x000000008a700000)
 Metaspace       used 206308K, capacity 216228K, committed 216344K, reserved 1239040K
  class space    used 25164K, capacity 26901K, committed 26928K, reserved 1048576K
Event: 3743.099 GC heap after
Heap after GC invocations=31 (full 5):
 PSYoungGen      total 607744K, used 50151K [0x00000000d5580000, 0x0000000100000000, 0x0000000100000000)
  eden space 557568K, 0% used [0x00000000d5580000,0x00000000d5580000,0x00000000f7600000)
  from space 50176K, 99% used [0x00000000fcf00000,0x00000000ffff9d90,0x0000000100000000)
  to   space 70656K, 0% used [0x00000000f7600000,0x00000000f7600000,0x00000000fbb00000)
 ParOldGen       total 171008K, used 105967K [0x0000000080000000, 0x000000008a700000, 0x00000000d5580000)
  object space 171008K, 61% used [0x0000000080000000,0x000000008677bd18,0x000000008a700000)
 Metaspace       used 206308K, capacity 216228K, committed 216344K, reserved 1239040K
  class space    used 25164K, capacity 26901K, committed 26928K, reserved 1048576K
}

Deoptimization events (10 events):
Event: 3742.031 Thread 0x000000001bc98800 Uncommon trap: reason=bimorphic action=maybe_recompile pc=0x0000000007493d08 method=com.sun.tools.javac.jvm.ClassReader.includeClassFile(Lcom/sun/tools/javac/code/Symbol$PackageSymbol;Ljavax/tools/JavaFileObject;)V @ 83
Event: 3742.032 Thread 0x000000001bc98800 Uncommon trap: reason=bimorphic action=maybe_recompile pc=0x00000000074a79d8 method=com.sun.tools.javac.jvm.ClassReader.fillIn(Lcom/sun/tools/javac/code/Symbol$PackageSymbol;Ljavax/tools/JavaFileManager$Location;Ljava/lang/Iterable;)V @ 86
Event: 3742.033 Thread 0x000000001bc98800 Uncommon trap: reason=bimorphic action=maybe_recompile pc=0x00000000074a79d8 method=com.sun.tools.javac.jvm.ClassReader.fillIn(Lcom/sun/tools/javac/code/Symbol$PackageSymbol;Ljavax/tools/JavaFileManager$Location;Ljava/lang/Iterable;)V @ 86
Event: 3742.034 Thread 0x000000001bc98800 Uncommon trap: reason=bimorphic action=maybe_recompile pc=0x00000000074a79d8 method=com.sun.tools.javac.jvm.ClassReader.fillIn(Lcom/sun/tools/javac/code/Symbol$PackageSymbol;Ljavax/tools/JavaFileManager$Location;Ljava/lang/Iterable;)V @ 86
Event: 3742.094 Thread 0x000000001bc98800 Uncommon trap: reason=bimorphic action=maybe_recompile pc=0x0000000007d97a8c method=com.sun.source.util.TreeScanner.scan(Ljava/lang/Iterable;Ljava/lang/Object;)Ljava/lang/Object; @ 48
Event: 3742.094 Thread 0x000000001bc98800 Uncommon trap: reason=bimorphic action=maybe_recompile pc=0x0000000007d97a8c method=com.sun.source.util.TreeScanner.scan(Ljava/lang/Iterable;Ljava/lang/Object;)Ljava/lang/Object; @ 48
Event: 3742.094 Thread 0x000000001bc98800 Uncommon trap: reason=bimorphic action=maybe_recompile pc=0x0000000007d97a8c method=com.sun.source.util.TreeScanner.scan(Ljava/lang/Iterable;Ljava/lang/Object;)Ljava/lang/Object; @ 48
Event: 3742.094 Thread 0x000000001bc98800 Uncommon trap: reason=bimorphic action=maybe_recompile pc=0x0000000007d97a8c method=com.sun.source.util.TreeScanner.scan(Ljava/lang/Iterable;Ljava/lang/Object;)Ljava/lang/Object; @ 48
Event: 3742.485 Thread 0x000000001bc98800 Uncommon trap: reason=unstable_if action=reinterpret pc=0x00000000083e3be8 method=org.sqlite.SQLiteJDBCLoader.contentsEquals(Ljava/io/InputStream;Ljava/io/InputStream;)Z @ 39
Event: 3742.628 Thread 0x000000001bc98800 Uncommon trap: reason=unstable_if action=reinterpret pc=0x0000000003ea31bc method=org.antlr.v4.runtime.atn.ATNState.addTransition(ILorg/antlr/v4/runtime/atn/Transition;)V @ 115

Classes redefined (0 events):
No events

Internal exceptions (10 events):
Event: 3743.195 Thread 0x000000001bc97000 Exception <a 'sun/nio/fs/WindowsException'> (0x00000000d60eac50) thrown at [C:\src\AOSP-openjdk-git\hotspot\src\share\vm\prims\jni.cpp, line 710]
Event: 3743.195 Thread 0x000000001bc97000 Exception <a 'sun/nio/fs/WindowsException'> (0x00000000d60eca48) thrown at [C:\src\AOSP-openjdk-git\hotspot\src\share\vm\prims\jni.cpp, line 710]
Event: 3743.196 Thread 0x000000001bc97000 Exception <a 'sun/nio/fs/WindowsException'> (0x00000000d60ed758) thrown at [C:\src\AOSP-openjdk-git\hotspot\src\share\vm\prims\jni.cpp, line 710]
Event: 3743.196 Thread 0x000000001bc97000 Exception <a 'sun/nio/fs/WindowsException'> (0x00000000d60ef550) thrown at [C:\src\AOSP-openjdk-git\hotspot\src\share\vm\prims\jni.cpp, line 710]
Event: 3743.196 Thread 0x000000001bc97000 Exception <a 'sun/nio/fs/WindowsException'> (0x00000000d60f0258) thrown at [C:\src\AOSP-openjdk-git\hotspot\src\share\vm\prims\jni.cpp, line 710]
Event: 3743.196 Thread 0x000000001bc97000 Exception <a 'sun/nio/fs/WindowsException'> (0x00000000d60f2050) thrown at [C:\src\AOSP-openjdk-git\hotspot\src\share\vm\prims\jni.cpp, line 710]
Event: 3743.196 Thread 0x000000001bc97000 Exception <a 'sun/nio/fs/WindowsException'> (0x00000000d60f2d60) thrown at [C:\src\AOSP-openjdk-git\hotspot\src\share\vm\prims\jni.cpp, line 710]
Event: 3743.196 Thread 0x000000001bc97000 Exception <a 'sun/nio/fs/WindowsException'> (0x00000000d60f4b58) thrown at [C:\src\AOSP-openjdk-git\hotspot\src\share\vm\prims\jni.cpp, line 710]
Event: 3743.196 Thread 0x000000001bc97000 Exception <a 'sun/nio/fs/WindowsException'> (0x00000000d60f5868) thrown at [C:\src\AOSP-openjdk-git\hotspot\src\share\vm\prims\jni.cpp, line 710]
Event: 3743.261 Thread 0x000000001bc99000 Exception <a 'java/lang/InterruptedException'> (0x00000000d63d0298) thrown at [C:\src\AOSP-openjdk-git\hotspot\src\share\vm\runtime\objectMonitor.cpp, line 1680]

Events (10 events):
Event: 3743.269 Thread 0x000000001bca3800 Thread added: 0x000000001bca3800
Event: 3743.275 Thread 0x0000000017b10000 flushing nmethod 0x000000000806e690
Event: 3743.275 Thread 0x0000000017b10000 flushing nmethod 0x00000000081c6c90
Event: 3743.276 Thread 0x0000000017b10000 flushing nmethod 0x00000000081ecbd0
Event: 3743.276 Thread 0x0000000017b10000 flushing nmethod 0x00000000082c6a50
Event: 3743.276 Thread 0x0000000017b10000 flushing nmethod 0x000000000842a850
Event: 3743.276 Thread 0x0000000017b10000 flushing nmethod 0x000000000844d210
Event: 3743.276 Thread 0x0000000017b10000 flushing nmethod 0x000000000844d550
Event: 3743.277 Thread 0x0000000017b10000 flushing nmethod 0x00000000084f1090
Event: 3743.277 Thread 0x0000000017b10000 flushing nmethod 0x00000000084fa790


Dynamic libraries:
0x00007ff75e210000 - 0x00007ff75e241000 	C:\Program Files\Android\Android Studio\jre\bin\java.exe
0x00007ffa9f020000 - 0x00007ffa9f210000 	C:\WINDOWS\SYSTEM32\ntdll.dll
0x00007ffa9e030000 - 0x00007ffa9e0e2000 	C:\WINDOWS\System32\KERNEL32.DLL
0x00007ffa9c500000 - 0x00007ffa9c7a5000 	C:\WINDOWS\System32\KERNELBASE.dll
0x00007ffa9e1f0000 - 0x00007ffa9e293000 	C:\WINDOWS\System32\ADVAPI32.dll
0x00007ffa9ee70000 - 0x00007ffa9ef0e000 	C:\WINDOWS\System32\msvcrt.dll
0x00007ffa9dbf0000 - 0x00007ffa9dc87000 	C:\WINDOWS\System32\sechost.dll
0x00007ffa9d660000 - 0x00007ffa9d77f000 	C:\WINDOWS\System32\RPCRT4.dll
0x00007ffa9dd40000 - 0x00007ffa9ded4000 	C:\WINDOWS\System32\USER32.dll
0x00007ffa9c7d0000 - 0x00007ffa9c7f1000 	C:\WINDOWS\System32\win32u.dll
0x00007ffa9e000000 - 0x00007ffa9e026000 	C:\WINDOWS\System32\GDI32.dll
0x00007ffa9c0d0000 - 0x00007ffa9c268000 	C:\WINDOWS\System32\gdi32full.dll
0x00007ffa9d030000 - 0x00007ffa9d0ce000 	C:\WINDOWS\System32\msvcp_win.dll
0x00007ffa9c270000 - 0x00007ffa9c36a000 	C:\WINDOWS\System32\ucrtbase.dll
0x00007ffa89bb0000 - 0x00007ffa89e34000 	C:\WINDOWS\WinSxS\amd64_microsoft.windows.common-controls_6595b64144ccf1df_6.0.18362.1440_none_9e7dbfb9e45e8e67\COMCTL32.dll
0x00007ffa9eb30000 - 0x00007ffa9ee66000 	C:\WINDOWS\System32\combase.dll
0x00007ffa9c040000 - 0x00007ffa9c0c1000 	C:\WINDOWS\System32\bcryptPrimitives.dll
0x00007ffa9e1c0000 - 0x00007ffa9e1ee000 	C:\WINDOWS\System32\IMM32.DLL
0x000000005ce50000 - 0x000000005cf22000 	C:\Program Files\Android\Android Studio\jre\jre\bin\msvcr100.dll
0x000000005d010000 - 0x000000005d85b000 	C:\Program Files\Android\Android Studio\jre\jre\bin\server\jvm.dll
0x00007ffa9e0f0000 - 0x00007ffa9e0f8000 	C:\WINDOWS\System32\PSAPI.DLL
0x00007ffa96170000 - 0x00007ffa9617a000 	C:\WINDOWS\SYSTEM32\VERSION.dll
0x00007ffa988e0000 - 0x00007ffa98904000 	C:\WINDOWS\SYSTEM32\WINMM.dll
0x00007ffa98980000 - 0x00007ffa98989000 	C:\WINDOWS\SYSTEM32\WSOCK32.dll
0x00007ffa9df90000 - 0x00007ffa9dfff000 	C:\WINDOWS\System32\WS2_32.dll
0x00007ffa988b0000 - 0x00007ffa988dd000 	C:\WINDOWS\SYSTEM32\winmmbase.dll
0x00007ffa9c800000 - 0x00007ffa9c84a000 	C:\WINDOWS\System32\cfgmgr32.dll
0x00007ffa98970000 - 0x00007ffa9897f000 	C:\Program Files\Android\Android Studio\jre\jre\bin\verify.dll
0x00007ffa8e980000 - 0x00007ffa8e9a9000 	C:\Program Files\Android\Android Studio\jre\jre\bin\java.dll
0x00007ffa951b0000 - 0x00007ffa951c6000 	C:\Program Files\Android\Android Studio\jre\jre\bin\zip.dll
0x00007ffa9e2a0000 - 0x00007ffa9e988000 	C:\WINDOWS\System32\SHELL32.dll
0x00007ffa9dc90000 - 0x00007ffa9dd37000 	C:\WINDOWS\System32\shcore.dll
0x00007ffa9c850000 - 0x00007ffa9cfcb000 	C:\WINDOWS\System32\windows.storage.dll
0x00007ffa9bf70000 - 0x00007ffa9bf8e000 	C:\WINDOWS\System32\profapi.dll
0x00007ffa9bee0000 - 0x00007ffa9bf2a000 	C:\WINDOWS\System32\powrprof.dll
0x00007ffa9bed0000 - 0x00007ffa9bee0000 	C:\WINDOWS\System32\UMPDC.dll
0x00007ffa9e100000 - 0x00007ffa9e152000 	C:\WINDOWS\System32\shlwapi.dll
0x00007ffa9bf30000 - 0x00007ffa9bf41000 	C:\WINDOWS\System32\kernel.appcore.dll
0x00007ffa9c7b0000 - 0x00007ffa9c7c7000 	C:\WINDOWS\System32\cryptsp.dll
0x00007ffa8e9e0000 - 0x00007ffa8e9fa000 	C:\Program Files\Android\Android Studio\jre\jre\bin\net.dll
0x00007ffa9b710000 - 0x00007ffa9b777000 	C:\WINDOWS\system32\mswsock.dll
0x00007ffa8bf20000 - 0x00007ffa8bf33000 	C:\Program Files\Android\Android Studio\jre\jre\bin\nio.dll
0x00007ffa83240000 - 0x00007ffa83267000 	C:\Users\Omaz\.gradle\native\f6784746aeab05261644944871eae4fe03e0ef1612fff0a4a95f87b438bc6780\windows-amd64\native-platform.dll
0x00007ffa98910000 - 0x00007ffa9891d000 	C:\Program Files\Android\Android Studio\jre\jre\bin\management.dll
0x00007ffa9b290000 - 0x00007ffa9b2c3000 	C:\WINDOWS\system32\rsaenh.dll
0x00007ffa9c370000 - 0x00007ffa9c396000 	C:\WINDOWS\System32\bcrypt.dll
0x00007ffa9bdf0000 - 0x00007ffa9be15000 	C:\WINDOWS\SYSTEM32\USERENV.dll
0x00007ffa9b8e0000 - 0x00007ffa9b8ec000 	C:\WINDOWS\SYSTEM32\CRYPTBASE.dll
0x00007ffa9b420000 - 0x00007ffa9b45a000 	C:\WINDOWS\SYSTEM32\IPHLPAPI.DLL
0x00007ffa9d650000 - 0x00007ffa9d658000 	C:\WINDOWS\System32\NSI.dll
0x00007ffa96050000 - 0x00007ffa96066000 	C:\WINDOWS\SYSTEM32\dhcpcsvc6.DLL
0x00007ffa96120000 - 0x00007ffa9613c000 	C:\WINDOWS\SYSTEM32\dhcpcsvc.DLL
0x00007ffa9b460000 - 0x00007ffa9b52b000 	C:\WINDOWS\SYSTEM32\DNSAPI.dll
0x00007ffa96290000 - 0x00007ffa9629b000 	C:\WINDOWS\SYSTEM32\WINNSI.DLL
0x00007ffa83a90000 - 0x00007ffa83aae000 	C:\Users\Omaz\AppData\Local\Temp\native-platform6934251226464036669dir\native-platform.dll
0x0000000066e00000 - 0x0000000066f03000 	C:\Users\Omaz\AppData\Local\Temp\sqlite-3.25.2-282f209e-c287-46ab-8b26-051dcf01fc43-sqlitejdbc.dll
0x0000000032400000 - 0x0000000032503000 	C:\Users\Omaz\AppData\Local\Temp\sqlite-3.25.2-e239df16-6083-4ea3-a88b-00ca1bca108f-sqlitejdbc.dll
0x0000000033400000 - 0x0000000033503000 	C:\Users\Omaz\AppData\Local\Temp\sqlite-3.25.2-ac81af04-5ce4-4369-8fbc-06a1ec69513a-sqlitejdbc.dll
0x0000000034090000 - 0x0000000034193000 	C:\Users\Omaz\AppData\Local\Temp\sqlite-3.25.2-ace220b7-15c5-452c-a6f9-6c3e17ed78da-sqlitejdbc.dll
0x0000000030aa0000 - 0x0000000030ba3000 	C:\Users\Omaz\AppData\Local\Temp\sqlite-3.25.2-ef6d46b9-138f-42cb-97aa-7974fc55d5c9-sqlitejdbc.dll
0x0000000032290000 - 0x0000000032393000 	C:\Users\Omaz\AppData\Local\Temp\sqlite-3.25.2-40ce9697-51d0-496f-92b3-46274b59e520-sqlitejdbc.dll
0x0000000035e30000 - 0x0000000035f33000 	C:\Users\Omaz\AppData\Local\Temp\sqlite-3.25.2-dce3482f-056e-4e97-aa86-f7d77f6ac743-sqlitejdbc.dll
0x0000000030250000 - 0x0000000030353000 	C:\Users\Omaz\AppData\Local\Temp\sqlite-3.25.2-cae47586-a4cc-4f6b-bf27-ba638d21a5c5-sqlitejdbc.dll
0x0000000037550000 - 0x0000000037653000 	C:\Users\Omaz\AppData\Local\Temp\sqlite-3.25.2-382ca066-0de7-42dd-acf7-1e10938f2d6d-sqlitejdbc.dll

VM Arguments:
jvm_args: -Xmx2048m -Dfile.encoding=UTF-8 -Duser.country=RU -Duser.language=ru -Duser.variant 
java_command: org.gradle.launcher.daemon.bootstrap.GradleDaemon 6.5
java_class_path (initial): C:\Users\Omaz\.gradle\wrapper\dists\gradle-6.5-bin\6nifqtx7604sqp1q6g8wikw7p\gradle-6.5\lib\gradle-launcher-6.5.jar
Launcher Type: SUN_STANDARD

Environment Variables:
PATH=C:\Program Files\Common Files\Oracle\Java\javapath;C:\WINDOWS\system32;C:\WINDOWS;C:\WINDOWS\System32\Wbem;C:\WINDOWS\System32\WindowsPowerShell\v1.0\;C:\Program Files\dotnet\;C:\Program Files\Microsoft SQL Server\130\Tools\Binn\;C:\Program Files\Microsoft SQL Server\Client SDK\ODBC\170\Tools\Binn\;C:\WINDOWS\System32\OpenSSH\;C:\Program Files\Git\cmd;C:\Users\Omaz\AppData\Local\Microsoft\WindowsApps;C:\Users\Omaz\.dotnet\tools;
USERNAME=Omaz
OS=Windows_NT
PROCESSOR_IDENTIFIER=Intel64 Family 6 Model 142 Stepping 9, GenuineIntel



---------------  S Y S T E M  ---------------

OS: Windows 10.0 , 64 bit Build 18362 (10.0.18362.1350)

CPU:total 4 (initial active 4) (2 cores per cpu, 2 threads per core) family 6 model 142 stepping 9, cmov, cx8, fxsr, mmx, sse, sse2, sse3, ssse3, sse4.1, sse4.2, popcnt, avx, avx2, aes, clmul, erms, 3dnowpref, lzcnt, ht, tsc, tscinvbit, bmi1, bmi2, adx

Memory: 4k page, physical 8262884k(423208k free), swap 10327268k(3452k free)

vm_info: OpenJDK 64-Bit Server VM (25.242-b01) for windows-amd64 JRE (1.8.0_242-release-1644-b01), built by "builder" with MS VC++ 10.0 (VS2010)

time: Tue May 25 23:02:42 2021
timezone: RTZ 2 (зима)
elapsed time: 3743 seconds (0d 1h 2m 23s)

